{
  "/home/user/Documents/Projet/Epitech/T-ESP-901-81605-PAR_Gospalaga/admin-panel/application/src/app/page.tsx": {
    "path": "/home/user/Documents/Projet/Epitech/T-ESP-901-81605-PAR_Gospalaga/admin-panel/application/src/app/page.tsx",
    "statementMap": {
      "0": {
        "start": {
          "line": 7,
          "column": 36
        },
        "end": {
          "line": 7,
          "column": 56
        }
      },
      "1": {
        "start": {
          "line": 9,
          "column": 16
        },
        "end": {
          "line": 14,
          "column": 3
        }
      },
      "2": {
        "start": {
          "line": 16,
          "column": 19
        },
        "end": {
          "line": 53,
          "column": 3
        }
      },
      "3": {
        "start": {
          "line": 55,
          "column": 2
        },
        "end": {
          "line": 327,
          "column": 3
        }
      },
      "4": {
        "start": {
          "line": 122,
          "column": 14
        },
        "end": {
          "line": 130,
          "column": 20
        }
      },
      "5": {
        "start": {
          "line": 152,
          "column": 31
        },
        "end": {
          "line": 152,
          "column": 55
        }
      },
      "6": {
        "start": {
          "line": 163,
          "column": 31
        },
        "end": {
          "line": 163,
          "column": 51
        }
      },
      "7": {
        "start": {
          "line": 183,
          "column": 16
        },
        "end": {
          "line": 199,
          "column": 22
        }
      },
      "8": {
        "start": {
          "line": 193,
          "column": 22
        },
        "end": {
          "line": 196,
          "column": 27
        }
      },
      "9": {
        "start": {
          "line": 216,
          "column": 22
        },
        "end": {
          "line": 222,
          "column": 28
        }
      },
      "10": {
        "start": {
          "line": 235,
          "column": 22
        },
        "end": {
          "line": 241,
          "column": 28
        }
      }
    },
    "fnMap": {
      "0": {
        "name": "Home",
        "decl": {
          "start": {
            "line": 6,
            "column": 24
          },
          "end": {
            "line": 6,
            "column": 28
          }
        },
        "loc": {
          "start": {
            "line": 6,
            "column": 31
          },
          "end": {
            "line": 328,
            "column": 1
          }
        },
        "line": 6
      },
      "1": {
        "name": "(anonymous_1)",
        "decl": {
          "start": {
            "line": 121,
            "column": 23
          },
          "end": {
            "line": 121,
            "column": 24
          }
        },
        "loc": {
          "start": {
            "line": 122,
            "column": 14
          },
          "end": {
            "line": 130,
            "column": 20
          }
        },
        "line": 122
      },
      "2": {
        "name": "(anonymous_2)",
        "decl": {
          "start": {
            "line": 152,
            "column": 25
          },
          "end": {
            "line": 152,
            "column": 26
          }
        },
        "loc": {
          "start": {
            "line": 152,
            "column": 31
          },
          "end": {
            "line": 152,
            "column": 55
          }
        },
        "line": 152
      },
      "3": {
        "name": "(anonymous_3)",
        "decl": {
          "start": {
            "line": 163,
            "column": 25
          },
          "end": {
            "line": 163,
            "column": 26
          }
        },
        "loc": {
          "start": {
            "line": 163,
            "column": 31
          },
          "end": {
            "line": 163,
            "column": 51
          }
        },
        "line": 163
      },
      "4": {
        "name": "(anonymous_4)",
        "decl": {
          "start": {
            "line": 182,
            "column": 28
          },
          "end": {
            "line": 182,
            "column": 29
          }
        },
        "loc": {
          "start": {
            "line": 183,
            "column": 16
          },
          "end": {
            "line": 199,
            "column": 22
          }
        },
        "line": 183
      },
      "5": {
        "name": "(anonymous_5)",
        "decl": {
          "start": {
            "line": 192,
            "column": 39
          },
          "end": {
            "line": 192,
            "column": 40
          }
        },
        "loc": {
          "start": {
            "line": 193,
            "column": 22
          },
          "end": {
            "line": 196,
            "column": 27
          }
        },
        "line": 193
      },
      "6": {
        "name": "(anonymous_6)",
        "decl": {
          "start": {
            "line": 215,
            "column": 26
          },
          "end": {
            "line": 215,
            "column": 27
          }
        },
        "loc": {
          "start": {
            "line": 216,
            "column": 22
          },
          "end": {
            "line": 222,
            "column": 28
          }
        },
        "line": 216
      },
      "7": {
        "name": "(anonymous_7)",
        "decl": {
          "start": {
            "line": 234,
            "column": 26
          },
          "end": {
            "line": 234,
            "column": 27
          }
        },
        "loc": {
          "start": {
            "line": 235,
            "column": 22
          },
          "end": {
            "line": 241,
            "column": 28
          }
        },
        "line": 235
      }
    },
    "branchMap": {
      "0": {
        "loc": {
          "start": {
            "line": 154,
            "column": 18
          },
          "end": {
            "line": 156,
            "column": 57
          }
        },
        "type": "cond-expr",
        "locations": [
          {
            "start": {
              "line": 155,
              "column": 22
            },
            "end": {
              "line": 155,
              "column": 53
            }
          },
          {
            "start": {
              "line": 156,
              "column": 22
            },
            "end": {
              "line": 156,
              "column": 57
            }
          }
        ],
        "line": 154
      },
      "1": {
        "loc": {
          "start": {
            "line": 165,
            "column": 18
          },
          "end": {
            "line": 167,
            "column": 57
          }
        },
        "type": "cond-expr",
        "locations": [
          {
            "start": {
              "line": 166,
              "column": 22
            },
            "end": {
              "line": 166,
              "column": 53
            }
          },
          {
            "start": {
              "line": 167,
              "column": 22
            },
            "end": {
              "line": 167,
              "column": 57
            }
          }
        ],
        "line": 165
      },
      "2": {
        "loc": {
          "start": {
            "line": 177,
            "column": 11
          },
          "end": {
            "line": 202,
            "column": 11
          }
        },
        "type": "binary-expr",
        "locations": [
          {
            "start": {
              "line": 177,
              "column": 11
            },
            "end": {
              "line": 177,
              "column": 35
            }
          },
          {
            "start": {
              "line": 178,
              "column": 12
            },
            "end": {
              "line": 201,
              "column": 18
            }
          }
        ],
        "line": 177
      },
      "3": {
        "loc": {
          "start": {
            "line": 204,
            "column": 11
          },
          "end": {
            "line": 247,
            "column": 11
          }
        },
        "type": "binary-expr",
        "locations": [
          {
            "start": {
              "line": 204,
              "column": 11
            },
            "end": {
              "line": 204,
              "column": 31
            }
          },
          {
            "start": {
              "line": 205,
              "column": 12
            },
            "end": {
              "line": 246,
              "column": 18
            }
          }
        ],
        "line": 204
      }
    },
    "s": {
      "0": 14,
      "1": 14,
      "2": 14,
      "3": 14,
      "4": 56,
      "5": 0,
      "6": 0,
      "7": 84,
      "8": 336,
      "9": 0,
      "10": 0
    },
    "f": {
      "0": 14,
      "1": 56,
      "2": 0,
      "3": 0,
      "4": 84,
      "5": 336,
      "6": 0,
      "7": 0
    },
    "b": {
      "0": [
        14,
        0
      ],
      "1": [
        0,
        14
      ],
      "2": [
        14,
        14
      ],
      "3": [
        14,
        0
      ]
    },
    "_coverageSchema": "1a1c01bbd47fc00a2c39e90264f33305004495a9",
    "hash": "e76db6444ae68b75804781ed0d0c15d50799da01"
  },
  "/home/user/Documents/Projet/Epitech/T-ESP-901-81605-PAR_Gospalaga/admin-panel/application/src/lib/query-client.ts": {
    "path": "/home/user/Documents/Projet/Epitech/T-ESP-901-81605-PAR_Gospalaga/admin-panel/application/src/lib/query-client.ts",
    "statementMap": {
      "0": {
        "start": {
          "line": 3,
          "column": 27
        },
        "end": {
          "line": 30,
          "column": 2
        }
      },
      "1": {
        "start": {
          "line": 9,
          "column": 27
        },
        "end": {
          "line": 9,
          "column": 70
        }
      },
      "2": {
        "start": {
          "line": 10,
          "column": 8
        },
        "end": {
          "line": 12,
          "column": 9
        }
      },
      "3": {
        "start": {
          "line": 11,
          "column": 10
        },
        "end": {
          "line": 11,
          "column": 22
        }
      },
      "4": {
        "start": {
          "line": 13,
          "column": 8
        },
        "end": {
          "line": 13,
          "column": 31
        }
      },
      "5": {
        "start": {
          "line": 18,
          "column": 27
        },
        "end": {
          "line": 18,
          "column": 70
        }
      },
      "6": {
        "start": {
          "line": 19,
          "column": 8
        },
        "end": {
          "line": 25,
          "column": 9
        }
      },
      "7": {
        "start": {
          "line": 24,
          "column": 10
        },
        "end": {
          "line": 24,
          "column": 22
        }
      },
      "8": {
        "start": {
          "line": 26,
          "column": 8
        },
        "end": {
          "line": 26,
          "column": 31
        }
      }
    },
    "fnMap": {
      "0": {
        "name": "(anonymous_0)",
        "decl": {
          "start": {
            "line": 8,
            "column": 13
          },
          "end": {
            "line": 8,
            "column": 14
          }
        },
        "loc": {
          "start": {
            "line": 8,
            "column": 47
          },
          "end": {
            "line": 14,
            "column": 7
          }
        },
        "line": 8
      },
      "1": {
        "name": "(anonymous_1)",
        "decl": {
          "start": {
            "line": 17,
            "column": 13
          },
          "end": {
            "line": 17,
            "column": 14
          }
        },
        "loc": {
          "start": {
            "line": 17,
            "column": 47
          },
          "end": {
            "line": 27,
            "column": 7
          }
        },
        "line": 17
      }
    },
    "branchMap": {
      "0": {
        "loc": {
          "start": {
            "line": 10,
            "column": 8
          },
          "end": {
            "line": 12,
            "column": 9
          }
        },
        "type": "if",
        "locations": [
          {
            "start": {
              "line": 10,
              "column": 8
            },
            "end": {
              "line": 12,
              "column": 9
            }
          },
          {
            "start": {},
            "end": {}
          }
        ],
        "line": 10
      },
      "1": {
        "loc": {
          "start": {
            "line": 10,
            "column": 12
          },
          "end": {
            "line": 10,
            "column": 88
          }
        },
        "type": "binary-expr",
        "locations": [
          {
            "start": {
              "line": 10,
              "column": 12
            },
            "end": {
              "line": 10,
              "column": 48
            }
          },
          {
            "start": {
              "line": 10,
              "column": 52
            },
            "end": {
              "line": 10,
              "column": 88
            }
          }
        ],
        "line": 10
      },
      "2": {
        "loc": {
          "start": {
            "line": 19,
            "column": 8
          },
          "end": {
            "line": 25,
            "column": 9
          }
        },
        "type": "if",
        "locations": [
          {
            "start": {
              "line": 19,
              "column": 8
            },
            "end": {
              "line": 25,
              "column": 9
            }
          },
          {
            "start": {},
            "end": {}
          }
        ],
        "line": 19
      },
      "3": {
        "loc": {
          "start": {
            "line": 20,
            "column": 10
          },
          "end": {
            "line": 22,
            "column": 42
          }
        },
        "type": "binary-expr",
        "locations": [
          {
            "start": {
              "line": 20,
              "column": 10
            },
            "end": {
              "line": 20,
              "column": 38
            }
          },
          {
            "start": {
              "line": 21,
              "column": 10
            },
            "end": {
              "line": 21,
              "column": 43
            }
          },
          {
            "start": {
              "line": 22,
              "column": 10
            },
            "end": {
              "line": 22,
              "column": 42
            }
          }
        ],
        "line": 20
      }
    },
    "s": {
      "0": 5,
      "1": 0,
      "2": 0,
      "3": 0,
      "4": 0,
      "5": 0,
      "6": 0,
      "7": 0,
      "8": 0
    },
    "f": {
      "0": 0,
      "1": 0
    },
    "b": {
      "0": [
        0,
        0
      ],
      "1": [
        0,
        0
      ],
      "2": [
        0,
        0
      ],
      "3": [
        0,
        0,
        0
      ]
    },
    "_coverageSchema": "1a1c01bbd47fc00a2c39e90264f33305004495a9",
    "hash": "c235d90c4128d376a313135504382a7fe29616f0"
  },
  "/home/user/Documents/Projet/Epitech/T-ESP-901-81605-PAR_Gospalaga/admin-panel/application/src/components/providers/QueryProvider.tsx": {
    "path": "/home/user/Documents/Projet/Epitech/T-ESP-901-81605-PAR_Gospalaga/admin-panel/application/src/components/providers/QueryProvider.tsx",
    "statementMap": {
      "0": {
        "start": {
          "line": 12,
          "column": 2
        },
        "end": {
          "line": 17,
          "column": 3
        }
      }
    },
    "fnMap": {
      "0": {
        "name": "QueryProvider",
        "decl": {
          "start": {
            "line": 11,
            "column": 16
          },
          "end": {
            "line": 11,
            "column": 29
          }
        },
        "loc": {
          "start": {
            "line": 11,
            "column": 64
          },
          "end": {
            "line": 18,
            "column": 1
          }
        },
        "line": 11
      }
    },
    "branchMap": {
      "0": {
        "loc": {
          "start": {
            "line": 15,
            "column": 7
          },
          "end": {
            "line": 15,
            "column": 93
          }
        },
        "type": "binary-expr",
        "locations": [
          {
            "start": {
              "line": 15,
              "column": 7
            },
            "end": {
              "line": 15,
              "column": 45
            }
          },
          {
            "start": {
              "line": 15,
              "column": 49
            },
            "end": {
              "line": 15,
              "column": 93
            }
          }
        ],
        "line": 15
      }
    },
    "s": {
      "0": 16
    },
    "f": {
      "0": 16
    },
    "b": {
      "0": [
        16,
        16
      ]
    },
    "_coverageSchema": "1a1c01bbd47fc00a2c39e90264f33305004495a9",
    "hash": "71ef5e7ef7a888c04f6c74cf83b4b7470bd4fd10"
  },
  "/home/user/Documents/Projet/Epitech/T-ESP-901-81605-PAR_Gospalaga/admin-panel/application/src/components/providers/Providers.tsx": {
    "path": "/home/user/Documents/Projet/Epitech/T-ESP-901-81605-PAR_Gospalaga/admin-panel/application/src/components/providers/Providers.tsx",
    "statementMap": {
      "0": {
        "start": {
          "line": 10,
          "column": 2
        },
        "end": {
          "line": 10,
          "column": 50
        }
      }
    },
    "fnMap": {
      "0": {
        "name": "Providers",
        "decl": {
          "start": {
            "line": 9,
            "column": 16
          },
          "end": {
            "line": 9,
            "column": 25
          }
        },
        "loc": {
          "start": {
            "line": 9,
            "column": 56
          },
          "end": {
            "line": 11,
            "column": 1
          }
        },
        "line": 9
      }
    },
    "branchMap": {},
    "s": {
      "0": 16
    },
    "f": {
      "0": 16
    },
    "b": {},
    "_coverageSchema": "1a1c01bbd47fc00a2c39e90264f33305004495a9",
    "hash": "e696926b0986bb5bf72af24ff53abc036a9e676c"
  },
  "/home/user/Documents/Projet/Epitech/T-ESP-901-81605-PAR_Gospalaga/admin-panel/application/src/lib/axios.ts": {
    "path": "/home/user/Documents/Projet/Epitech/T-ESP-901-81605-PAR_Gospalaga/admin-panel/application/src/lib/axios.ts",
    "statementMap": {
      "0": {
        "start": {
          "line": 4,
          "column": 21
        },
        "end": {
          "line": 4,
          "column": 79
        }
      },
      "1": {
        "start": {
          "line": 6,
          "column": 25
        },
        "end": {
          "line": 11,
          "column": 2
        }
      },
      "2": {
        "start": {
          "line": 13,
          "column": 0
        },
        "end": {
          "line": 22,
          "column": 1
        }
      },
      "3": {
        "start": {
          "line": 15,
          "column": 18
        },
        "end": {
          "line": 15,
          "column": 41
        }
      },
      "4": {
        "start": {
          "line": 16,
          "column": 4
        },
        "end": {
          "line": 18,
          "column": 5
        }
      },
      "5": {
        "start": {
          "line": 17,
          "column": 6
        },
        "end": {
          "line": 17,
          "column": 54
        }
      },
      "6": {
        "start": {
          "line": 19,
          "column": 4
        },
        "end": {
          "line": 19,
          "column": 17
        }
      },
      "7": {
        "start": {
          "line": 21,
          "column": 11
        },
        "end": {
          "line": 21,
          "column": 32
        }
      },
      "8": {
        "start": {
          "line": 24,
          "column": 0
        },
        "end": {
          "line": 37,
          "column": 1
        }
      },
      "9": {
        "start": {
          "line": 25,
          "column": 14
        },
        "end": {
          "line": 25,
          "column": 22
        }
      },
      "10": {
        "start": {
          "line": 28,
          "column": 4
        },
        "end": {
          "line": 33,
          "column": 5
        }
      },
      "11": {
        "start": {
          "line": 29,
          "column": 6
        },
        "end": {
          "line": 29,
          "column": 32
        }
      },
      "12": {
        "start": {
          "line": 30,
          "column": 6
        },
        "end": {
          "line": 32,
          "column": 7
        }
      },
      "13": {
        "start": {
          "line": 31,
          "column": 8
        },
        "end": {
          "line": 31,
          "column": 39
        }
      },
      "14": {
        "start": {
          "line": 35,
          "column": 4
        },
        "end": {
          "line": 35,
          "column": 32
        }
      }
    },
    "fnMap": {
      "0": {
        "name": "(anonymous_0)",
        "decl": {
          "start": {
            "line": 14,
            "column": 2
          },
          "end": {
            "line": 14,
            "column": 3
          }
        },
        "loc": {
          "start": {
            "line": 14,
            "column": 12
          },
          "end": {
            "line": 20,
            "column": 3
          }
        },
        "line": 14
      },
      "1": {
        "name": "(anonymous_1)",
        "decl": {
          "start": {
            "line": 21,
            "column": 2
          },
          "end": {
            "line": 21,
            "column": 3
          }
        },
        "loc": {
          "start": {
            "line": 21,
            "column": 11
          },
          "end": {
            "line": 21,
            "column": 32
          }
        },
        "line": 21
      },
      "2": {
        "name": "(anonymous_2)",
        "decl": {
          "start": {
            "line": 25,
            "column": 2
          },
          "end": {
            "line": 25,
            "column": 3
          }
        },
        "loc": {
          "start": {
            "line": 25,
            "column": 14
          },
          "end": {
            "line": 25,
            "column": 22
          }
        },
        "line": 25
      },
      "3": {
        "name": "(anonymous_3)",
        "decl": {
          "start": {
            "line": 26,
            "column": 2
          },
          "end": {
            "line": 26,
            "column": 3
          }
        },
        "loc": {
          "start": {
            "line": 26,
            "column": 17
          },
          "end": {
            "line": 36,
            "column": 3
          }
        },
        "line": 26
      }
    },
    "branchMap": {
      "0": {
        "loc": {
          "start": {
            "line": 4,
            "column": 21
          },
          "end": {
            "line": 4,
            "column": 79
          }
        },
        "type": "binary-expr",
        "locations": [
          {
            "start": {
              "line": 4,
              "column": 21
            },
            "end": {
              "line": 4,
              "column": 52
            }
          },
          {
            "start": {
              "line": 4,
              "column": 56
            },
            "end": {
              "line": 4,
              "column": 79
            }
          }
        ],
        "line": 4
      },
      "1": {
        "loc": {
          "start": {
            "line": 16,
            "column": 4
          },
          "end": {
            "line": 18,
            "column": 5
          }
        },
        "type": "if",
        "locations": [
          {
            "start": {
              "line": 16,
              "column": 4
            },
            "end": {
              "line": 18,
              "column": 5
            }
          },
          {
            "start": {},
            "end": {}
          }
        ],
        "line": 16
      },
      "2": {
        "loc": {
          "start": {
            "line": 28,
            "column": 4
          },
          "end": {
            "line": 33,
            "column": 5
          }
        },
        "type": "if",
        "locations": [
          {
            "start": {
              "line": 28,
              "column": 4
            },
            "end": {
              "line": 33,
              "column": 5
            }
          },
          {
            "start": {},
            "end": {}
          }
        ],
        "line": 28
      },
      "3": {
        "loc": {
          "start": {
            "line": 30,
            "column": 6
          },
          "end": {
            "line": 32,
            "column": 7
          }
        },
        "type": "if",
        "locations": [
          {
            "start": {
              "line": 30,
              "column": 6
            },
            "end": {
              "line": 32,
              "column": 7
            }
          },
          {
            "start": {},
            "end": {}
          }
        ],
        "line": 30
      }
    },
    "s": {
      "0": 2,
      "1": 2,
      "2": 2,
      "3": 0,
      "4": 0,
      "5": 0,
      "6": 0,
      "7": 0,
      "8": 2,
      "9": 0,
      "10": 0,
      "11": 0,
      "12": 0,
      "13": 0,
      "14": 0
    },
    "f": {
      "0": 0,
      "1": 0,
      "2": 0,
      "3": 0
    },
    "b": {
      "0": [
        2,
        2
      ],
      "1": [
        0,
        0
      ],
      "2": [
        0,
        0
      ],
      "3": [
        0,
        0
      ]
    },
    "_coverageSchema": "1a1c01bbd47fc00a2c39e90264f33305004495a9",
    "hash": "99d05bdf7802d3771207f91834de4d714c1dd436"
  },
  "/home/user/Documents/Projet/Epitech/T-ESP-901-81605-PAR_Gospalaga/admin-panel/application/src/utils/constants.ts": {
    "path": "/home/user/Documents/Projet/Epitech/T-ESP-901-81605-PAR_Gospalaga/admin-panel/application/src/utils/constants.ts",
    "statementMap": {
      "0": {
        "start": {
          "line": 1,
          "column": 26
        },
        "end": {
          "line": 5,
          "column": 10
        }
      },
      "1": {
        "start": {
          "line": 7,
          "column": 35
        },
        "end": {
          "line": 10,
          "column": 10
        }
      },
      "2": {
        "start": {
          "line": 12,
          "column": 31
        },
        "end": {
          "line": 15,
          "column": 10
        }
      },
      "3": {
        "start": {
          "line": 17,
          "column": 29
        },
        "end": {
          "line": 52,
          "column": 10
        }
      },
      "4": {
        "start": {
          "line": 25,
          "column": 31
        },
        "end": {
          "line": 25,
          "column": 52
        }
      },
      "5": {
        "start": {
          "line": 26,
          "column": 35
        },
        "end": {
          "line": 26,
          "column": 66
        }
      },
      "6": {
        "start": {
          "line": 27,
          "column": 41
        },
        "end": {
          "line": 27,
          "column": 79
        }
      },
      "7": {
        "start": {
          "line": 28,
          "column": 40
        },
        "end": {
          "line": 28,
          "column": 77
        }
      },
      "8": {
        "start": {
          "line": 29,
          "column": 41
        },
        "end": {
          "line": 29,
          "column": 78
        }
      },
      "9": {
        "start": {
          "line": 32,
          "column": 33
        },
        "end": {
          "line": 32,
          "column": 66
        }
      },
      "10": {
        "start": {
          "line": 33,
          "column": 32
        },
        "end": {
          "line": 33,
          "column": 70
        }
      },
      "11": {
        "start": {
          "line": 34,
          "column": 45
        },
        "end": {
          "line": 34,
          "column": 96
        }
      },
      "12": {
        "start": {
          "line": 36,
          "column": 6
        },
        "end": {
          "line": 36,
          "column": 60
        }
      },
      "13": {
        "start": {
          "line": 37,
          "column": 43
        },
        "end": {
          "line": 37,
          "column": 92
        }
      },
      "14": {
        "start": {
          "line": 38,
          "column": 42
        },
        "end": {
          "line": 38,
          "column": 90
        }
      },
      "15": {
        "start": {
          "line": 54,
          "column": 35
        },
        "end": {
          "line": 57,
          "column": 10
        }
      },
      "16": {
        "start": {
          "line": 59,
          "column": 28
        },
        "end": {
          "line": 63,
          "column": 10
        }
      }
    },
    "fnMap": {
      "0": {
        "name": "(anonymous_0)",
        "decl": {
          "start": {
            "line": 25,
            "column": 11
          },
          "end": {
            "line": 25,
            "column": 12
          }
        },
        "loc": {
          "start": {
            "line": 25,
            "column": 31
          },
          "end": {
            "line": 25,
            "column": 52
          }
        },
        "line": 25
      },
      "1": {
        "name": "(anonymous_1)",
        "decl": {
          "start": {
            "line": 26,
            "column": 15
          },
          "end": {
            "line": 26,
            "column": 16
          }
        },
        "loc": {
          "start": {
            "line": 26,
            "column": 35
          },
          "end": {
            "line": 26,
            "column": 66
          }
        },
        "line": 26
      },
      "2": {
        "name": "(anonymous_2)",
        "decl": {
          "start": {
            "line": 27,
            "column": 21
          },
          "end": {
            "line": 27,
            "column": 22
          }
        },
        "loc": {
          "start": {
            "line": 27,
            "column": 41
          },
          "end": {
            "line": 27,
            "column": 79
          }
        },
        "line": 27
      },
      "3": {
        "name": "(anonymous_3)",
        "decl": {
          "start": {
            "line": 28,
            "column": 20
          },
          "end": {
            "line": 28,
            "column": 21
          }
        },
        "loc": {
          "start": {
            "line": 28,
            "column": 40
          },
          "end": {
            "line": 28,
            "column": 77
          }
        },
        "line": 28
      },
      "4": {
        "name": "(anonymous_4)",
        "decl": {
          "start": {
            "line": 29,
            "column": 21
          },
          "end": {
            "line": 29,
            "column": 22
          }
        },
        "loc": {
          "start": {
            "line": 29,
            "column": 41
          },
          "end": {
            "line": 29,
            "column": 78
          }
        },
        "line": 29
      },
      "5": {
        "name": "(anonymous_5)",
        "decl": {
          "start": {
            "line": 32,
            "column": 11
          },
          "end": {
            "line": 32,
            "column": 12
          }
        },
        "loc": {
          "start": {
            "line": 32,
            "column": 33
          },
          "end": {
            "line": 32,
            "column": 66
          }
        },
        "line": 32
      },
      "6": {
        "name": "(anonymous_6)",
        "decl": {
          "start": {
            "line": 33,
            "column": 10
          },
          "end": {
            "line": 33,
            "column": 11
          }
        },
        "loc": {
          "start": {
            "line": 33,
            "column": 32
          },
          "end": {
            "line": 33,
            "column": 70
          }
        },
        "line": 33
      },
      "7": {
        "name": "(anonymous_7)",
        "decl": {
          "start": {
            "line": 34,
            "column": 23
          },
          "end": {
            "line": 34,
            "column": 24
          }
        },
        "loc": {
          "start": {
            "line": 34,
            "column": 45
          },
          "end": {
            "line": 34,
            "column": 96
          }
        },
        "line": 34
      },
      "8": {
        "name": "(anonymous_8)",
        "decl": {
          "start": {
            "line": 35,
            "column": 26
          },
          "end": {
            "line": 35,
            "column": 27
          }
        },
        "loc": {
          "start": {
            "line": 36,
            "column": 6
          },
          "end": {
            "line": 36,
            "column": 60
          }
        },
        "line": 36
      },
      "9": {
        "name": "(anonymous_9)",
        "decl": {
          "start": {
            "line": 37,
            "column": 21
          },
          "end": {
            "line": 37,
            "column": 22
          }
        },
        "loc": {
          "start": {
            "line": 37,
            "column": 43
          },
          "end": {
            "line": 37,
            "column": 92
          }
        },
        "line": 37
      },
      "10": {
        "name": "(anonymous_10)",
        "decl": {
          "start": {
            "line": 38,
            "column": 20
          },
          "end": {
            "line": 38,
            "column": 21
          }
        },
        "loc": {
          "start": {
            "line": 38,
            "column": 42
          },
          "end": {
            "line": 38,
            "column": 90
          }
        },
        "line": 38
      }
    },
    "branchMap": {},
    "s": {
      "0": 2,
      "1": 2,
      "2": 2,
      "3": 2,
      "4": 0,
      "5": 0,
      "6": 0,
      "7": 0,
      "8": 0,
      "9": 0,
      "10": 0,
      "11": 0,
      "12": 0,
      "13": 0,
      "14": 0,
      "15": 2,
      "16": 2
    },
    "f": {
      "0": 0,
      "1": 0,
      "2": 0,
      "3": 0,
      "4": 0,
      "5": 0,
      "6": 0,
      "7": 0,
      "8": 0,
      "9": 0,
      "10": 0
    },
    "b": {},
    "_coverageSchema": "1a1c01bbd47fc00a2c39e90264f33305004495a9",
    "hash": "9cf3b7ed2f41020261ecb7b3a29600ad0e416a52"
  },
  "/home/user/Documents/Projet/Epitech/T-ESP-901-81605-PAR_Gospalaga/admin-panel/application/src/services/auth.ts": {
    "path": "/home/user/Documents/Projet/Epitech/T-ESP-901-81605-PAR_Gospalaga/admin-panel/application/src/services/auth.ts",
    "statementMap": {
      "0": {
        "start": {
          "line": 5,
          "column": 27
        },
        "end": {
          "line": 20,
          "column": 1
        }
      },
      "1": {
        "start": {
          "line": 7,
          "column": 21
        },
        "end": {
          "line": 7,
          "column": 97
        }
      },
      "2": {
        "start": {
          "line": 8,
          "column": 4
        },
        "end": {
          "line": 8,
          "column": 24
        }
      },
      "3": {
        "start": {
          "line": 12,
          "column": 21
        },
        "end": {
          "line": 12,
          "column": 94
        }
      },
      "4": {
        "start": {
          "line": 13,
          "column": 4
        },
        "end": {
          "line": 13,
          "column": 24
        }
      },
      "5": {
        "start": {
          "line": 17,
          "column": 21
        },
        "end": {
          "line": 17,
          "column": 69
        }
      },
      "6": {
        "start": {
          "line": 18,
          "column": 4
        },
        "end": {
          "line": 18,
          "column": 24
        }
      }
    },
    "fnMap": {
      "0": {
        "name": "(anonymous_0)",
        "decl": {
          "start": {
            "line": 6,
            "column": 2
          },
          "end": {
            "line": 6,
            "column": 3
          }
        },
        "loc": {
          "start": {
            "line": 6,
            "column": 74
          },
          "end": {
            "line": 9,
            "column": 3
          }
        },
        "line": 6
      },
      "1": {
        "name": "(anonymous_1)",
        "decl": {
          "start": {
            "line": 11,
            "column": 2
          },
          "end": {
            "line": 11,
            "column": 3
          }
        },
        "loc": {
          "start": {
            "line": 11,
            "column": 68
          },
          "end": {
            "line": 14,
            "column": 3
          }
        },
        "line": 11
      },
      "2": {
        "name": "(anonymous_2)",
        "decl": {
          "start": {
            "line": 16,
            "column": 2
          },
          "end": {
            "line": 16,
            "column": 3
          }
        },
        "loc": {
          "start": {
            "line": 16,
            "column": 40
          },
          "end": {
            "line": 19,
            "column": 3
          }
        },
        "line": 16
      }
    },
    "branchMap": {},
    "s": {
      "0": 2,
      "1": 0,
      "2": 0,
      "3": 0,
      "4": 0,
      "5": 0,
      "6": 0
    },
    "f": {
      "0": 0,
      "1": 0,
      "2": 0
    },
    "b": {},
    "_coverageSchema": "1a1c01bbd47fc00a2c39e90264f33305004495a9",
    "hash": "e0cf6174156f2ff7fa34e0e7dbaf5fc2210fe339"
  },
  "/home/user/Documents/Projet/Epitech/T-ESP-901-81605-PAR_Gospalaga/admin-panel/application/src/services/users.ts": {
    "path": "/home/user/Documents/Projet/Epitech/T-ESP-901-81605-PAR_Gospalaga/admin-panel/application/src/services/users.ts",
    "statementMap": {
      "0": {
        "start": {
          "line": 5,
          "column": 28
        },
        "end": {
          "line": 56,
          "column": 1
        }
      },
      "1": {
        "start": {
          "line": 9,
          "column": 21
        },
        "end": {
          "line": 15,
          "column": 39
        }
      },
      "2": {
        "start": {
          "line": 17,
          "column": 4
        },
        "end": {
          "line": 25,
          "column": 5
        }
      },
      "3": {
        "start": {
          "line": 29,
          "column": 21
        },
        "end": {
          "line": 29,
          "column": 91
        }
      },
      "4": {
        "start": {
          "line": 30,
          "column": 4
        },
        "end": {
          "line": 30,
          "column": 29
        }
      },
      "5": {
        "start": {
          "line": 34,
          "column": 21
        },
        "end": {
          "line": 34,
          "column": 97
        }
      },
      "6": {
        "start": {
          "line": 35,
          "column": 4
        },
        "end": {
          "line": 35,
          "column": 29
        }
      },
      "7": {
        "start": {
          "line": 39,
          "column": 4
        },
        "end": {
          "line": 39,
          "column": 58
        }
      },
      "8": {
        "start": {
          "line": 43,
          "column": 21
        },
        "end": {
          "line": 45,
          "column": 5
        }
      },
      "9": {
        "start": {
          "line": 46,
          "column": 4
        },
        "end": {
          "line": 46,
          "column": 29
        }
      },
      "10": {
        "start": {
          "line": 50,
          "column": 21
        },
        "end": {
          "line": 53,
          "column": 6
        }
      },
      "11": {
        "start": {
          "line": 54,
          "column": 4
        },
        "end": {
          "line": 54,
          "column": 24
        }
      }
    },
    "fnMap": {
      "0": {
        "name": "(anonymous_0)",
        "decl": {
          "start": {
            "line": 6,
            "column": 2
          },
          "end": {
            "line": 6,
            "column": 3
          }
        },
        "loc": {
          "start": {
            "line": 6,
            "column": 73
          },
          "end": {
            "line": 26,
            "column": 3
          }
        },
        "line": 6
      },
      "1": {
        "name": "(anonymous_1)",
        "decl": {
          "start": {
            "line": 28,
            "column": 2
          },
          "end": {
            "line": 28,
            "column": 3
          }
        },
        "loc": {
          "start": {
            "line": 28,
            "column": 47
          },
          "end": {
            "line": 31,
            "column": 3
          }
        },
        "line": 28
      },
      "2": {
        "name": "(anonymous_2)",
        "decl": {
          "start": {
            "line": 33,
            "column": 2
          },
          "end": {
            "line": 33,
            "column": 3
          }
        },
        "loc": {
          "start": {
            "line": 33,
            "column": 67
          },
          "end": {
            "line": 36,
            "column": 3
          }
        },
        "line": 33
      },
      "3": {
        "name": "(anonymous_3)",
        "decl": {
          "start": {
            "line": 38,
            "column": 2
          },
          "end": {
            "line": 38,
            "column": 3
          }
        },
        "loc": {
          "start": {
            "line": 38,
            "column": 46
          },
          "end": {
            "line": 40,
            "column": 3
          }
        },
        "line": 38
      },
      "4": {
        "name": "(anonymous_4)",
        "decl": {
          "start": {
            "line": 42,
            "column": 2
          },
          "end": {
            "line": 42,
            "column": 3
          }
        },
        "loc": {
          "start": {
            "line": 42,
            "column": 52
          },
          "end": {
            "line": 47,
            "column": 3
          }
        },
        "line": 42
      },
      "5": {
        "name": "(anonymous_5)",
        "decl": {
          "start": {
            "line": 49,
            "column": 2
          },
          "end": {
            "line": 49,
            "column": 3
          }
        },
        "loc": {
          "start": {
            "line": 49,
            "column": 57
          },
          "end": {
            "line": 55,
            "column": 3
          }
        },
        "line": 49
      }
    },
    "branchMap": {},
    "s": {
      "0": 2,
      "1": 0,
      "2": 0,
      "3": 0,
      "4": 0,
      "5": 0,
      "6": 0,
      "7": 0,
      "8": 0,
      "9": 0,
      "10": 0,
      "11": 0
    },
    "f": {
      "0": 0,
      "1": 0,
      "2": 0,
      "3": 0,
      "4": 0,
      "5": 0
    },
    "b": {},
    "_coverageSchema": "1a1c01bbd47fc00a2c39e90264f33305004495a9",
    "hash": "36c519ea5b72dd18697220bd8d4717579ad09629"
  },
  "/home/user/Documents/Projet/Epitech/T-ESP-901-81605-PAR_Gospalaga/admin-panel/application/src/services/feedbacks.ts": {
    "path": "/home/user/Documents/Projet/Epitech/T-ESP-901-81605-PAR_Gospalaga/admin-panel/application/src/services/feedbacks.ts",
    "statementMap": {
      "0": {
        "start": {
          "line": 15,
          "column": 32
        },
        "end": {
          "line": 48,
          "column": 1
        }
      },
      "1": {
        "start": {
          "line": 17,
          "column": 21
        },
        "end": {
          "line": 20,
          "column": 5
        }
      },
      "2": {
        "start": {
          "line": 21,
          "column": 4
        },
        "end": {
          "line": 21,
          "column": 29
        }
      },
      "3": {
        "start": {
          "line": 25,
          "column": 21
        },
        "end": {
          "line": 25,
          "column": 99
        }
      },
      "4": {
        "start": {
          "line": 26,
          "column": 4
        },
        "end": {
          "line": 26,
          "column": 29
        }
      },
      "5": {
        "start": {
          "line": 30,
          "column": 21
        },
        "end": {
          "line": 33,
          "column": 5
        }
      },
      "6": {
        "start": {
          "line": 34,
          "column": 4
        },
        "end": {
          "line": 34,
          "column": 29
        }
      },
      "7": {
        "start": {
          "line": 38,
          "column": 4
        },
        "end": {
          "line": 38,
          "column": 62
        }
      },
      "8": {
        "start": {
          "line": 42,
          "column": 21
        },
        "end": {
          "line": 45,
          "column": 6
        }
      },
      "9": {
        "start": {
          "line": 46,
          "column": 4
        },
        "end": {
          "line": 46,
          "column": 24
        }
      }
    },
    "fnMap": {
      "0": {
        "name": "(anonymous_0)",
        "decl": {
          "start": {
            "line": 16,
            "column": 2
          },
          "end": {
            "line": 16,
            "column": 3
          }
        },
        "loc": {
          "start": {
            "line": 16,
            "column": 89
          },
          "end": {
            "line": 22,
            "column": 3
          }
        },
        "line": 16
      },
      "1": {
        "name": "(anonymous_1)",
        "decl": {
          "start": {
            "line": 24,
            "column": 2
          },
          "end": {
            "line": 24,
            "column": 3
          }
        },
        "loc": {
          "start": {
            "line": 24,
            "column": 55
          },
          "end": {
            "line": 27,
            "column": 3
          }
        },
        "line": 24
      },
      "2": {
        "name": "(anonymous_2)",
        "decl": {
          "start": {
            "line": 29,
            "column": 2
          },
          "end": {
            "line": 29,
            "column": 3
          }
        },
        "loc": {
          "start": {
            "line": 29,
            "column": 92
          },
          "end": {
            "line": 35,
            "column": 3
          }
        },
        "line": 29
      },
      "3": {
        "name": "(anonymous_3)",
        "decl": {
          "start": {
            "line": 37,
            "column": 2
          },
          "end": {
            "line": 37,
            "column": 3
          }
        },
        "loc": {
          "start": {
            "line": 37,
            "column": 50
          },
          "end": {
            "line": 39,
            "column": 3
          }
        },
        "line": 37
      },
      "4": {
        "name": "(anonymous_4)",
        "decl": {
          "start": {
            "line": 41,
            "column": 2
          },
          "end": {
            "line": 41,
            "column": 3
          }
        },
        "loc": {
          "start": {
            "line": 41,
            "column": 69
          },
          "end": {
            "line": 47,
            "column": 3
          }
        },
        "line": 41
      }
    },
    "branchMap": {},
    "s": {
      "0": 2,
      "1": 0,
      "2": 0,
      "3": 0,
      "4": 0,
      "5": 0,
      "6": 0,
      "7": 0,
      "8": 0,
      "9": 0
    },
    "f": {
      "0": 0,
      "1": 0,
      "2": 0,
      "3": 0,
      "4": 0
    },
    "b": {},
    "_coverageSchema": "1a1c01bbd47fc00a2c39e90264f33305004495a9",
    "hash": "f675337247ce53e4b7b76f1fd62d29202319137a"
  },
  "/home/user/Documents/Projet/Epitech/T-ESP-901-81605-PAR_Gospalaga/admin-panel/application/src/services/dashboard.ts": {
    "path": "/home/user/Documents/Projet/Epitech/T-ESP-901-81605-PAR_Gospalaga/admin-panel/application/src/services/dashboard.ts",
    "statementMap": {
      "0": {
        "start": {
          "line": 12,
          "column": 32
        },
        "end": {
          "line": 52,
          "column": 1
        }
      },
      "1": {
        "start": {
          "line": 14,
          "column": 21
        },
        "end": {
          "line": 16,
          "column": 5
        }
      },
      "2": {
        "start": {
          "line": 17,
          "column": 4
        },
        "end": {
          "line": 17,
          "column": 29
        }
      },
      "3": {
        "start": {
          "line": 21,
          "column": 21
        },
        "end": {
          "line": 24,
          "column": 5
        }
      },
      "4": {
        "start": {
          "line": 25,
          "column": 4
        },
        "end": {
          "line": 25,
          "column": 29
        }
      },
      "5": {
        "start": {
          "line": 31,
          "column": 21
        },
        "end": {
          "line": 34,
          "column": 5
        }
      },
      "6": {
        "start": {
          "line": 35,
          "column": 4
        },
        "end": {
          "line": 35,
          "column": 29
        }
      },
      "7": {
        "start": {
          "line": 39,
          "column": 21
        },
        "end": {
          "line": 42,
          "column": 5
        }
      },
      "8": {
        "start": {
          "line": 43,
          "column": 4
        },
        "end": {
          "line": 43,
          "column": 29
        }
      },
      "9": {
        "start": {
          "line": 47,
          "column": 21
        },
        "end": {
          "line": 49,
          "column": 5
        }
      },
      "10": {
        "start": {
          "line": 50,
          "column": 4
        },
        "end": {
          "line": 50,
          "column": 29
        }
      }
    },
    "fnMap": {
      "0": {
        "name": "(anonymous_0)",
        "decl": {
          "start": {
            "line": 13,
            "column": 2
          },
          "end": {
            "line": 13,
            "column": 3
          }
        },
        "loc": {
          "start": {
            "line": 13,
            "column": 48
          },
          "end": {
            "line": 18,
            "column": 3
          }
        },
        "line": 13
      },
      "1": {
        "name": "(anonymous_1)",
        "decl": {
          "start": {
            "line": 20,
            "column": 2
          },
          "end": {
            "line": 20,
            "column": 3
          }
        },
        "loc": {
          "start": {
            "line": 20,
            "column": 87
          },
          "end": {
            "line": 26,
            "column": 3
          }
        },
        "line": 20
      },
      "2": {
        "name": "(anonymous_2)",
        "decl": {
          "start": {
            "line": 28,
            "column": 2
          },
          "end": {
            "line": 28,
            "column": 3
          }
        },
        "loc": {
          "start": {
            "line": 30,
            "column": 26
          },
          "end": {
            "line": 36,
            "column": 3
          }
        },
        "line": 30
      },
      "3": {
        "name": "(anonymous_3)",
        "decl": {
          "start": {
            "line": 38,
            "column": 2
          },
          "end": {
            "line": 38,
            "column": 3
          }
        },
        "loc": {
          "start": {
            "line": 38,
            "column": 91
          },
          "end": {
            "line": 44,
            "column": 3
          }
        },
        "line": 38
      },
      "4": {
        "name": "(anonymous_4)",
        "decl": {
          "start": {
            "line": 46,
            "column": 2
          },
          "end": {
            "line": 46,
            "column": 3
          }
        },
        "loc": {
          "start": {
            "line": 46,
            "column": 50
          },
          "end": {
            "line": 51,
            "column": 3
          }
        },
        "line": 46
      }
    },
    "branchMap": {
      "0": {
        "loc": {
          "start": {
            "line": 29,
            "column": 4
          },
          "end": {
            "line": 29,
            "column": 47
          }
        },
        "type": "default-arg",
        "locations": [
          {
            "start": {
              "line": 29,
              "column": 40
            },
            "end": {
              "line": 29,
              "column": 47
            }
          }
        ],
        "line": 29
      },
      "1": {
        "loc": {
          "start": {
            "line": 38,
            "column": 24
          },
          "end": {
            "line": 38,
            "column": 67
          }
        },
        "type": "default-arg",
        "locations": [
          {
            "start": {
              "line": 38,
              "column": 60
            },
            "end": {
              "line": 38,
              "column": 67
            }
          }
        ],
        "line": 38
      }
    },
    "s": {
      "0": 2,
      "1": 0,
      "2": 0,
      "3": 0,
      "4": 0,
      "5": 0,
      "6": 0,
      "7": 0,
      "8": 0,
      "9": 0,
      "10": 0
    },
    "f": {
      "0": 0,
      "1": 0,
      "2": 0,
      "3": 0,
      "4": 0
    },
    "b": {
      "0": [
        0
      ],
      "1": [
        0
      ]
    },
    "_coverageSchema": "1a1c01bbd47fc00a2c39e90264f33305004495a9",
    "hash": "c3e90424fb972f50ede4bcee2020b71c9904810e"
  },
  "/home/user/Documents/Projet/Epitech/T-ESP-901-81605-PAR_Gospalaga/admin-panel/application/src/services/trips.ts": {
    "path": "/home/user/Documents/Projet/Epitech/T-ESP-901-81605-PAR_Gospalaga/admin-panel/application/src/services/trips.ts",
    "statementMap": {
      "0": {
        "start": {
          "line": 5,
          "column": 28
        },
        "end": {
          "line": 20,
          "column": 1
        }
      },
      "1": {
        "start": {
          "line": 7,
          "column": 21
        },
        "end": {
          "line": 7,
          "column": 79
        }
      },
      "2": {
        "start": {
          "line": 8,
          "column": 4
        },
        "end": {
          "line": 8,
          "column": 24
        }
      },
      "3": {
        "start": {
          "line": 12,
          "column": 21
        },
        "end": {
          "line": 12,
          "column": 84
        }
      },
      "4": {
        "start": {
          "line": 13,
          "column": 4
        },
        "end": {
          "line": 13,
          "column": 24
        }
      },
      "5": {
        "start": {
          "line": 17,
          "column": 21
        },
        "end": {
          "line": 17,
          "column": 95
        }
      },
      "6": {
        "start": {
          "line": 18,
          "column": 4
        },
        "end": {
          "line": 18,
          "column": 24
        }
      }
    },
    "fnMap": {
      "0": {
        "name": "(anonymous_0)",
        "decl": {
          "start": {
            "line": 6,
            "column": 2
          },
          "end": {
            "line": 6,
            "column": 3
          }
        },
        "loc": {
          "start": {
            "line": 6,
            "column": 59
          },
          "end": {
            "line": 9,
            "column": 3
          }
        },
        "line": 6
      },
      "1": {
        "name": "(anonymous_1)",
        "decl": {
          "start": {
            "line": 11,
            "column": 2
          },
          "end": {
            "line": 11,
            "column": 3
          }
        },
        "loc": {
          "start": {
            "line": 11,
            "column": 47
          },
          "end": {
            "line": 14,
            "column": 3
          }
        },
        "line": 11
      },
      "2": {
        "name": "(anonymous_2)",
        "decl": {
          "start": {
            "line": 16,
            "column": 2
          },
          "end": {
            "line": 16,
            "column": 3
          }
        },
        "loc": {
          "start": {
            "line": 16,
            "column": 61
          },
          "end": {
            "line": 19,
            "column": 3
          }
        },
        "line": 16
      }
    },
    "branchMap": {},
    "s": {
      "0": 2,
      "1": 0,
      "2": 0,
      "3": 0,
      "4": 0,
      "5": 0,
      "6": 0
    },
    "f": {
      "0": 0,
      "1": 0,
      "2": 0
    },
    "b": {},
    "_coverageSchema": "1a1c01bbd47fc00a2c39e90264f33305004495a9",
    "hash": "9ed6e2ab0e91a8c78975351bd97fad68181f74a9"
  },
  "/home/user/Documents/Projet/Epitech/T-ESP-901-81605-PAR_Gospalaga/admin-panel/application/src/services/travelers.ts": {
    "path": "/home/user/Documents/Projet/Epitech/T-ESP-901-81605-PAR_Gospalaga/admin-panel/application/src/services/travelers.ts",
    "statementMap": {
      "0": {
        "start": {
          "line": 5,
          "column": 32
        },
        "end": {
          "line": 17,
          "column": 1
        }
      },
      "1": {
        "start": {
          "line": 7,
          "column": 21
        },
        "end": {
          "line": 7,
          "column": 96
        }
      },
      "2": {
        "start": {
          "line": 8,
          "column": 4
        },
        "end": {
          "line": 8,
          "column": 24
        }
      },
      "3": {
        "start": {
          "line": 12,
          "column": 21
        },
        "end": {
          "line": 14,
          "column": 5
        }
      },
      "4": {
        "start": {
          "line": 15,
          "column": 4
        },
        "end": {
          "line": 15,
          "column": 24
        }
      }
    },
    "fnMap": {
      "0": {
        "name": "(anonymous_0)",
        "decl": {
          "start": {
            "line": 6,
            "column": 2
          },
          "end": {
            "line": 6,
            "column": 3
          }
        },
        "loc": {
          "start": {
            "line": 6,
            "column": 87
          },
          "end": {
            "line": 9,
            "column": 3
          }
        },
        "line": 6
      },
      "1": {
        "name": "(anonymous_1)",
        "decl": {
          "start": {
            "line": 11,
            "column": 2
          },
          "end": {
            "line": 11,
            "column": 3
          }
        },
        "loc": {
          "start": {
            "line": 11,
            "column": 69
          },
          "end": {
            "line": 16,
            "column": 3
          }
        },
        "line": 11
      }
    },
    "branchMap": {},
    "s": {
      "0": 2,
      "1": 0,
      "2": 0,
      "3": 0,
      "4": 0
    },
    "f": {
      "0": 0,
      "1": 0
    },
    "b": {},
    "_coverageSchema": "1a1c01bbd47fc00a2c39e90264f33305004495a9",
    "hash": "5a667cc88b3d2fbaba47ee231cf208c542263da4"
  },
  "/home/user/Documents/Projet/Epitech/T-ESP-901-81605-PAR_Gospalaga/admin-panel/application/src/services/flights.ts": {
    "path": "/home/user/Documents/Projet/Epitech/T-ESP-901-81605-PAR_Gospalaga/admin-panel/application/src/services/flights.ts",
    "statementMap": {
      "0": {
        "start": {
          "line": 5,
          "column": 30
        },
        "end": {
          "line": 30,
          "column": 1
        }
      },
      "1": {
        "start": {
          "line": 10,
          "column": 21
        },
        "end": {
          "line": 13,
          "column": 5
        }
      },
      "2": {
        "start": {
          "line": 14,
          "column": 4
        },
        "end": {
          "line": 14,
          "column": 24
        }
      },
      "3": {
        "start": {
          "line": 18,
          "column": 21
        },
        "end": {
          "line": 20,
          "column": 5
        }
      },
      "4": {
        "start": {
          "line": 21,
          "column": 4
        },
        "end": {
          "line": 21,
          "column": 24
        }
      },
      "5": {
        "start": {
          "line": 25,
          "column": 21
        },
        "end": {
          "line": 27,
          "column": 5
        }
      },
      "6": {
        "start": {
          "line": 28,
          "column": 4
        },
        "end": {
          "line": 28,
          "column": 24
        }
      }
    },
    "fnMap": {
      "0": {
        "name": "(anonymous_0)",
        "decl": {
          "start": {
            "line": 6,
            "column": 2
          },
          "end": {
            "line": 6,
            "column": 3
          }
        },
        "loc": {
          "start": {
            "line": 9,
            "column": 35
          },
          "end": {
            "line": 15,
            "column": 3
          }
        },
        "line": 9
      },
      "1": {
        "name": "(anonymous_1)",
        "decl": {
          "start": {
            "line": 17,
            "column": 2
          },
          "end": {
            "line": 17,
            "column": 3
          }
        },
        "loc": {
          "start": {
            "line": 17,
            "column": 84
          },
          "end": {
            "line": 22,
            "column": 3
          }
        },
        "line": 17
      },
      "2": {
        "name": "(anonymous_2)",
        "decl": {
          "start": {
            "line": 24,
            "column": 2
          },
          "end": {
            "line": 24,
            "column": 3
          }
        },
        "loc": {
          "start": {
            "line": 24,
            "column": 86
          },
          "end": {
            "line": 29,
            "column": 3
          }
        },
        "line": 24
      }
    },
    "branchMap": {},
    "s": {
      "0": 2,
      "1": 0,
      "2": 0,
      "3": 0,
      "4": 0,
      "5": 0,
      "6": 0
    },
    "f": {
      "0": 0,
      "1": 0,
      "2": 0
    },
    "b": {},
    "_coverageSchema": "1a1c01bbd47fc00a2c39e90264f33305004495a9",
    "hash": "1b353a94766e1ffed547c3a008d94c4081ddf8d1"
  },
  "/home/user/Documents/Projet/Epitech/T-ESP-901-81605-PAR_Gospalaga/admin-panel/application/src/services/hotels.ts": {
    "path": "/home/user/Documents/Projet/Epitech/T-ESP-901-81605-PAR_Gospalaga/admin-panel/application/src/services/hotels.ts",
    "statementMap": {
      "0": {
        "start": {
          "line": 5,
          "column": 29
        },
        "end": {
          "line": 20,
          "column": 1
        }
      },
      "1": {
        "start": {
          "line": 7,
          "column": 21
        },
        "end": {
          "line": 10,
          "column": 5
        }
      },
      "2": {
        "start": {
          "line": 11,
          "column": 4
        },
        "end": {
          "line": 11,
          "column": 24
        }
      },
      "3": {
        "start": {
          "line": 15,
          "column": 21
        },
        "end": {
          "line": 17,
          "column": 5
        }
      },
      "4": {
        "start": {
          "line": 18,
          "column": 4
        },
        "end": {
          "line": 18,
          "column": 24
        }
      }
    },
    "fnMap": {
      "0": {
        "name": "(anonymous_0)",
        "decl": {
          "start": {
            "line": 6,
            "column": 2
          },
          "end": {
            "line": 6,
            "column": 3
          }
        },
        "loc": {
          "start": {
            "line": 6,
            "column": 99
          },
          "end": {
            "line": 12,
            "column": 3
          }
        },
        "line": 6
      },
      "1": {
        "name": "(anonymous_1)",
        "decl": {
          "start": {
            "line": 14,
            "column": 2
          },
          "end": {
            "line": 14,
            "column": 3
          }
        },
        "loc": {
          "start": {
            "line": 14,
            "column": 82
          },
          "end": {
            "line": 19,
            "column": 3
          }
        },
        "line": 14
      }
    },
    "branchMap": {},
    "s": {
      "0": 2,
      "1": 0,
      "2": 0,
      "3": 0,
      "4": 0
    },
    "f": {
      "0": 0,
      "1": 0
    },
    "b": {},
    "_coverageSchema": "1a1c01bbd47fc00a2c39e90264f33305004495a9",
    "hash": "536f74e2a186e06c52aa97cec27c2027f68522ab"
  },
  "/home/user/Documents/Projet/Epitech/T-ESP-901-81605-PAR_Gospalaga/admin-panel/application/src/services/booking-intents.ts": {
    "path": "/home/user/Documents/Projet/Epitech/T-ESP-901-81605-PAR_Gospalaga/admin-panel/application/src/services/booking-intents.ts",
    "statementMap": {
      "0": {
        "start": {
          "line": 11,
          "column": 37
        },
        "end": {
          "line": 51,
          "column": 1
        }
      },
      "1": {
        "start": {
          "line": 16,
          "column": 21
        },
        "end": {
          "line": 19,
          "column": 5
        }
      },
      "2": {
        "start": {
          "line": 20,
          "column": 4
        },
        "end": {
          "line": 20,
          "column": 24
        }
      },
      "3": {
        "start": {
          "line": 24,
          "column": 21
        },
        "end": {
          "line": 26,
          "column": 5
        }
      },
      "4": {
        "start": {
          "line": 27,
          "column": 4
        },
        "end": {
          "line": 27,
          "column": 24
        }
      },
      "5": {
        "start": {
          "line": 34,
          "column": 21
        },
        "end": {
          "line": 37,
          "column": 5
        }
      },
      "6": {
        "start": {
          "line": 38,
          "column": 4
        },
        "end": {
          "line": 38,
          "column": 24
        }
      },
      "7": {
        "start": {
          "line": 45,
          "column": 21
        },
        "end": {
          "line": 48,
          "column": 5
        }
      },
      "8": {
        "start": {
          "line": 49,
          "column": 4
        },
        "end": {
          "line": 49,
          "column": 24
        }
      }
    },
    "fnMap": {
      "0": {
        "name": "(anonymous_0)",
        "decl": {
          "start": {
            "line": 12,
            "column": 2
          },
          "end": {
            "line": 12,
            "column": 3
          }
        },
        "loc": {
          "start": {
            "line": 15,
            "column": 28
          },
          "end": {
            "line": 21,
            "column": 3
          }
        },
        "line": 15
      },
      "1": {
        "name": "(anonymous_1)",
        "decl": {
          "start": {
            "line": 23,
            "column": 2
          },
          "end": {
            "line": 23,
            "column": 3
          }
        },
        "loc": {
          "start": {
            "line": 23,
            "column": 67
          },
          "end": {
            "line": 28,
            "column": 3
          }
        },
        "line": 23
      },
      "2": {
        "name": "(anonymous_2)",
        "decl": {
          "start": {
            "line": 30,
            "column": 2
          },
          "end": {
            "line": 30,
            "column": 3
          }
        },
        "loc": {
          "start": {
            "line": 33,
            "column": 40
          },
          "end": {
            "line": 39,
            "column": 3
          }
        },
        "line": 33
      },
      "3": {
        "name": "(anonymous_3)",
        "decl": {
          "start": {
            "line": 41,
            "column": 2
          },
          "end": {
            "line": 41,
            "column": 3
          }
        },
        "loc": {
          "start": {
            "line": 44,
            "column": 40
          },
          "end": {
            "line": 50,
            "column": 3
          }
        },
        "line": 44
      }
    },
    "branchMap": {},
    "s": {
      "0": 2,
      "1": 0,
      "2": 0,
      "3": 0,
      "4": 0,
      "5": 0,
      "6": 0,
      "7": 0,
      "8": 0
    },
    "f": {
      "0": 0,
      "1": 0,
      "2": 0,
      "3": 0
    },
    "b": {},
    "_coverageSchema": "1a1c01bbd47fc00a2c39e90264f33305004495a9",
    "hash": "091cb3d80490469670f9e6f2fe2a20e132192182"
  },
  "/home/user/Documents/Projet/Epitech/T-ESP-901-81605-PAR_Gospalaga/admin-panel/application/src/services/payments.ts": {
    "path": "/home/user/Documents/Projet/Epitech/T-ESP-901-81605-PAR_Gospalaga/admin-panel/application/src/services/payments.ts",
    "statementMap": {
      "0": {
        "start": {
          "line": 9,
          "column": 31
        },
        "end": {
          "line": 41,
          "column": 1
        }
      },
      "1": {
        "start": {
          "line": 14,
          "column": 21
        },
        "end": {
          "line": 17,
          "column": 5
        }
      },
      "2": {
        "start": {
          "line": 18,
          "column": 4
        },
        "end": {
          "line": 18,
          "column": 24
        }
      },
      "3": {
        "start": {
          "line": 22,
          "column": 21
        },
        "end": {
          "line": 24,
          "column": 5
        }
      },
      "4": {
        "start": {
          "line": 25,
          "column": 4
        },
        "end": {
          "line": 25,
          "column": 24
        }
      },
      "5": {
        "start": {
          "line": 29,
          "column": 21
        },
        "end": {
          "line": 31,
          "column": 5
        }
      },
      "6": {
        "start": {
          "line": 32,
          "column": 4
        },
        "end": {
          "line": 32,
          "column": 24
        }
      },
      "7": {
        "start": {
          "line": 36,
          "column": 21
        },
        "end": {
          "line": 38,
          "column": 5
        }
      },
      "8": {
        "start": {
          "line": 39,
          "column": 4
        },
        "end": {
          "line": 39,
          "column": 24
        }
      }
    },
    "fnMap": {
      "0": {
        "name": "(anonymous_0)",
        "decl": {
          "start": {
            "line": 10,
            "column": 2
          },
          "end": {
            "line": 10,
            "column": 3
          }
        },
        "loc": {
          "start": {
            "line": 13,
            "column": 39
          },
          "end": {
            "line": 19,
            "column": 3
          }
        },
        "line": 13
      },
      "1": {
        "name": "(anonymous_1)",
        "decl": {
          "start": {
            "line": 21,
            "column": 2
          },
          "end": {
            "line": 21,
            "column": 3
          }
        },
        "loc": {
          "start": {
            "line": 21,
            "column": 74
          },
          "end": {
            "line": 26,
            "column": 3
          }
        },
        "line": 21
      },
      "2": {
        "name": "(anonymous_2)",
        "decl": {
          "start": {
            "line": 28,
            "column": 2
          },
          "end": {
            "line": 28,
            "column": 3
          }
        },
        "loc": {
          "start": {
            "line": 28,
            "column": 93
          },
          "end": {
            "line": 33,
            "column": 3
          }
        },
        "line": 28
      },
      "3": {
        "name": "(anonymous_3)",
        "decl": {
          "start": {
            "line": 35,
            "column": 2
          },
          "end": {
            "line": 35,
            "column": 3
          }
        },
        "loc": {
          "start": {
            "line": 35,
            "column": 80
          },
          "end": {
            "line": 40,
            "column": 3
          }
        },
        "line": 35
      }
    },
    "branchMap": {},
    "s": {
      "0": 2,
      "1": 0,
      "2": 0,
      "3": 0,
      "4": 0,
      "5": 0,
      "6": 0,
      "7": 0,
      "8": 0
    },
    "f": {
      "0": 0,
      "1": 0,
      "2": 0,
      "3": 0
    },
    "b": {},
    "_coverageSchema": "1a1c01bbd47fc00a2c39e90264f33305004495a9",
    "hash": "6f7442dcc87c08c8f3d503ca67eb5394ed23ead3"
  },
  "/home/user/Documents/Projet/Epitech/T-ESP-901-81605-PAR_Gospalaga/admin-panel/application/src/services/admin.ts": {
    "path": "/home/user/Documents/Projet/Epitech/T-ESP-901-81605-PAR_Gospalaga/admin-panel/application/src/services/admin.ts",
    "statementMap": {
      "0": {
        "start": {
          "line": 12,
          "column": 28
        },
        "end": {
          "line": 43,
          "column": 1
        }
      },
      "1": {
        "start": {
          "line": 14,
          "column": 21
        },
        "end": {
          "line": 16,
          "column": 6
        }
      },
      "2": {
        "start": {
          "line": 17,
          "column": 4
        },
        "end": {
          "line": 17,
          "column": 24
        }
      },
      "3": {
        "start": {
          "line": 21,
          "column": 21
        },
        "end": {
          "line": 24,
          "column": 5
        }
      },
      "4": {
        "start": {
          "line": 25,
          "column": 4
        },
        "end": {
          "line": 25,
          "column": 24
        }
      },
      "5": {
        "start": {
          "line": 29,
          "column": 21
        },
        "end": {
          "line": 32,
          "column": 5
        }
      },
      "6": {
        "start": {
          "line": 33,
          "column": 4
        },
        "end": {
          "line": 33,
          "column": 24
        }
      },
      "7": {
        "start": {
          "line": 37,
          "column": 21
        },
        "end": {
          "line": 40,
          "column": 5
        }
      },
      "8": {
        "start": {
          "line": 41,
          "column": 4
        },
        "end": {
          "line": 41,
          "column": 24
        }
      }
    },
    "fnMap": {
      "0": {
        "name": "(anonymous_0)",
        "decl": {
          "start": {
            "line": 13,
            "column": 2
          },
          "end": {
            "line": 13,
            "column": 3
          }
        },
        "loc": {
          "start": {
            "line": 13,
            "column": 81
          },
          "end": {
            "line": 18,
            "column": 3
          }
        },
        "line": 13
      },
      "1": {
        "name": "(anonymous_1)",
        "decl": {
          "start": {
            "line": 20,
            "column": 2
          },
          "end": {
            "line": 20,
            "column": 3
          }
        },
        "loc": {
          "start": {
            "line": 20,
            "column": 89
          },
          "end": {
            "line": 26,
            "column": 3
          }
        },
        "line": 20
      },
      "2": {
        "name": "(anonymous_2)",
        "decl": {
          "start": {
            "line": 28,
            "column": 2
          },
          "end": {
            "line": 28,
            "column": 3
          }
        },
        "loc": {
          "start": {
            "line": 28,
            "column": 97
          },
          "end": {
            "line": 34,
            "column": 3
          }
        },
        "line": 28
      },
      "3": {
        "name": "(anonymous_3)",
        "decl": {
          "start": {
            "line": 36,
            "column": 2
          },
          "end": {
            "line": 36,
            "column": 3
          }
        },
        "loc": {
          "start": {
            "line": 36,
            "column": 99
          },
          "end": {
            "line": 42,
            "column": 3
          }
        },
        "line": 36
      }
    },
    "branchMap": {},
    "s": {
      "0": 2,
      "1": 0,
      "2": 0,
      "3": 0,
      "4": 0,
      "5": 0,
      "6": 0,
      "7": 0,
      "8": 0
    },
    "f": {
      "0": 0,
      "1": 0,
      "2": 0,
      "3": 0
    },
    "b": {},
    "_coverageSchema": "1a1c01bbd47fc00a2c39e90264f33305004495a9",
    "hash": "0d74f3e8952199a0f8c170b0c5bee38ef321365f"
  },
  "/home/user/Documents/Projet/Epitech/T-ESP-901-81605-PAR_Gospalaga/admin-panel/application/src/services/index.ts": {
    "path": "/home/user/Documents/Projet/Epitech/T-ESP-901-81605-PAR_Gospalaga/admin-panel/application/src/services/index.ts",
    "statementMap": {},
    "fnMap": {},
    "branchMap": {},
    "s": {},
    "f": {},
    "b": {},
    "_coverageSchema": "1a1c01bbd47fc00a2c39e90264f33305004495a9",
    "hash": "8fa1a2a3e11b43d33a46cc2e09b57d27b8307bb1"
  },
  "/home/user/Documents/Projet/Epitech/T-ESP-901-81605-PAR_Gospalaga/admin-panel/application/src/hooks/useAuth.ts": {
    "path": "/home/user/Documents/Projet/Epitech/T-ESP-901-81605-PAR_Gospalaga/admin-panel/application/src/hooks/useAuth.ts",
    "statementMap": {
      "0": {
        "start": {
          "line": 7,
          "column": 19
        },
        "end": {
          "line": 9,
          "column": 1
        }
      },
      "1": {
        "start": {
          "line": 11,
          "column": 23
        },
        "end": {
          "line": 83,
          "column": 1
        }
      },
      "2": {
        "start": {
          "line": 12,
          "column": 22
        },
        "end": {
          "line": 12,
          "column": 38
        }
      },
      "3": {
        "start": {
          "line": 13,
          "column": 17
        },
        "end": {
          "line": 13,
          "column": 28
        }
      },
      "4": {
        "start": {
          "line": 19,
          "column": 6
        },
        "end": {
          "line": 24,
          "column": 4
        }
      },
      "5": {
        "start": {
          "line": 26,
          "column": 24
        },
        "end": {
          "line": 39,
          "column": 4
        }
      },
      "6": {
        "start": {
          "line": 29,
          "column": 6
        },
        "end": {
          "line": 34,
          "column": 8
        }
      },
      "7": {
        "start": {
          "line": 36,
          "column": 6
        },
        "end": {
          "line": 36,
          "column": 65
        }
      },
      "8": {
        "start": {
          "line": 37,
          "column": 6
        },
        "end": {
          "line": 37,
          "column": 31
        }
      },
      "9": {
        "start": {
          "line": 41,
          "column": 27
        },
        "end": {
          "line": 54,
          "column": 4
        }
      },
      "10": {
        "start": {
          "line": 44,
          "column": 6
        },
        "end": {
          "line": 49,
          "column": 8
        }
      },
      "11": {
        "start": {
          "line": 51,
          "column": 6
        },
        "end": {
          "line": 51,
          "column": 65
        }
      },
      "12": {
        "start": {
          "line": 52,
          "column": 6
        },
        "end": {
          "line": 52,
[...]
            "line": 42,
            "column": 16
          },
          "end": {
            "line": 42,
            "column": 43
          }
        },
        "type": "binary-expr",
        "locations": [
          {
            "start": {
              "line": 42,
              "column": 16
            },
            "end": {
              "line": 42,
              "column": 26
            }
          },
          {
            "start": {
              "line": 42,
              "column": 30
            },
            "end": {
              "line": 42,
              "column": 43
            }
          }
        ],
        "line": 42
      },
      "2": {
        "loc": {
          "start": {
            "line": 50,
            "column": 13
          },
          "end": {
            "line": 50,
            "column": 89
          }
        },
        "type": "cond-expr",
        "locations": [
          {
            "start": {
              "line": 50,
              "column": 30
            },
            "end": {
              "line": 50,
              "column": 55
            }
          },
          {
            "start": {
              "line": 50,
              "column": 58
            },
            "end": {
              "line": 50,
              "column": 89
            }
          }
        ],
        "line": 50
      },
      "3": {
        "loc": {
          "start": {
            "line": 71,
            "column": 15
          },
          "end": {
            "line": 71,
            "column": 98
          }
        },
        "type": "binary-expr",
        "locations": [
          {
            "start": {
              "line": 71,
              "column": 15
            },
            "end": {
              "line": 71,
              "column": 27
            }
          },
          {
            "start": {
              "line": 71,
              "column": 31
            },
            "end": {
              "line": 71,
              "column": 98
            }
          }
        ],
        "line": 71
      },
      "4": {
        "loc": {
          "start": {
            "line": 73,
            "column": 13
          },
          "end": {
            "line": 98,
            "column": 13
          }
        },
        "type": "binary-expr",
        "locations": [
          {
            "start": {
              "line": 73,
              "column": 13
            },
            "end": {
              "line": 73,
              "column": 27
            }
          },
          {
            "start": {
              "line": 74,
              "column": 14
            },
            "end": {
              "line": 97,
              "column": 17
            }
          }
        ],
        "line": 73
      },
      "5": {
        "loc": {
          "start": {
            "line": 112,
            "column": 24
          },
          "end": {
            "line": 112,
            "column": 58
          }
        },
        "type": "cond-expr",
        "locations": [
          {
            "start": {
              "line": 112,
              "column": 39
            },
            "end": {
              "line": 112,
              "column": 45
            }
          },
          {
            "start": {
              "line": 112,
              "column": 48
            },
            "end": {
              "line": 112,
              "column": 58
            }
          }
        ],
        "line": 112
      },
      "6": {
        "loc": {
          "start": {
            "line": 121,
            "column": 19
          },
          "end": {
            "line": 155,
            "column": 19
          }
        },
        "type": "cond-expr",
        "locations": [
          {
            "start": {
              "line": 122,
              "column": 20
            },
            "end": {
              "line": 140,
              "column": 26
            }
          },
          {
            "start": {
              "line": 142,
              "column": 20
            },
            "end": {
              "line": 154,
              "column": 26
            }
          }
        ],
        "line": 121
      },
      "7": {
        "loc": {
          "start": {
            "line": 158,
            "column": 15
          },
          "end": {
            "line": 160,
            "column": 15
          }
        },
        "type": "binary-expr",
        "locations": [
          {
            "start": {
              "line": 158,
              "column": 15
            },
            "end": {
              "line": 158,
              "column": 30
            }
          },
          {
            "start": {
              "line": 159,
              "column": 16
            },
            "end": {
              "line": 159,
              "column": 86
            }
          }
        ],
        "line": 158
      },
      "8": {
        "loc": {
          "start": {
            "line": 164,
            "column": 11
          },
          "end": {
            "line": 170,
            "column": 11
          }
        },
        "type": "binary-expr",
        "locations": [
          {
            "start": {
              "line": 164,
              "column": 11
            },
            "end": {
              "line": 164,
              "column": 16
            }
          },
          {
            "start": {
              "line": 165,
              "column": 12
            },
            "end": {
              "line": 169,
              "column": 18
            }
          }
        ],
        "line": 164
      },
      "9": {
        "loc": {
          "start": {
            "line": 167,
            "column": 17
          },
          "end": {
            "line": 167,
            "column": 83
          }
        },
        "type": "cond-expr",
        "locations": [
          {
            "start": {
              "line": 167,
              "column": 42
            },
            "end": {
              "line": 167,
              "column": 55
            }
          },
          {
            "start": {
              "line": 167,
              "column": 58
            },
            "end": {
              "line": 167,
              "column": 83
            }
          }
        ],
        "line": 167
      },
      "10": {
        "loc": {
          "start": {
            "line": 175,
            "column": 24
          },
          "end": {
            "line": 175,
            "column": 52
          }
        },
        "type": "binary-expr",
        "locations": [
          {
            "start": {
              "line": 175,
              "column": 24
            },
            "end": {
              "line": 175,
              "column": 35
            }
          },
          {
            "start": {
              "line": 175,
              "column": 39
            },
            "end": {
              "line": 175,
              "column": 52
            }
          }
        ],
        "line": 175
      },
      "11": {
        "loc": {
          "start": {
            "line": 178,
            "column": 15
          },
          "end": {
            "line": 187,
            "column": 15
          }
        },
        "type": "cond-expr",
        "locations": [
          {
            "start": {
              "line": 179,
              "column": 16
            },
            "end": {
              "line": 182,
              "column": 22
            }
          },
          {
            "start": {
              "line": 183,
              "column": 18
            },
            "end": {
              "line": 187,
              "column": 15
            }
          }
        ],
        "line": 178
      },
      "12": {
        "loc": {
          "start": {
            "line": 178,
            "column": 15
          },
          "end": {
            "line": 178,
            "column": 43
          }
        },
        "type": "binary-expr",
        "locations": [
          {
            "start": {
              "line": 178,
              "column": 15
            },
            "end": {
              "line": 178,
              "column": 26
            }
          },
          {
            "start": {
              "line": 178,
              "column": 30
            },
            "end": {
              "line": 178,
              "column": 43
            }
          }
        ],
        "line": 178
      },
      "13": {
        "loc": {
          "start": {
            "line": 181,
            "column": 19
          },
          "end": {
            "line": 181,
            "column": 68
          }
        },
        "type": "cond-expr",
        "locations": [
          {
            "start": {
              "line": 181,
              "column": 35
            },
            "end": {
              "line": 181,
              "column": 51
            }
          },
          {
            "start": {
              "line": 181,
              "column": 54
            },
            "end": {
              "line": 181,
              "column": 68
            }
          }
        ],
        "line": 181
      },
      "14": {
        "loc": {
          "start": {
            "line": 183,
            "column": 18
          },
          "end": {
            "line": 187,
            "column": 15
          }
        },
        "type": "cond-expr",
        "locations": [
          {
            "start": {
              "line": 184,
              "column": 16
            },
            "end": {
              "line": 184,
              "column": 28
            }
          },
          {
            "start": {
              "line": 186,
              "column": 16
            },
            "end": {
              "line": 186,
              "column": 30
            }
          }
        ],
        "line": 183
      },
      "15": {
        "loc": {
          "start": {
            "line": 197,
            "column": 15
          },
          "end": {
            "line": 199,
            "column": 53
          }
        },
        "type": "cond-expr",
        "locations": [
          {
            "start": {
              "line": 198,
              "column": 18
            },
            "end": {
              "line": 198,
              "column": 49
            }
          },
          {
            "start": {
              "line": 199,
              "column": 18
            },
            "end": {
              "line": 199,
              "column": 53
            }
          }
        ],
        "line": 197
      }
    },
    "s": {
      "0": 8,
      "1": 8,
      "2": 8,
      "3": 8,
      "4": 8,
      "5": 0,
      "6": 0,
      "7": 0,
      "8": 8,
      "9": 8,
      "10": 0,
      "11": 0
    },
    "f": {
      "0": 8,
      "1": 0,
      "2": 0,
      "3": 0
    },
    "b": {
      "0": [
        0,
        0
      ],
      "1": [
        8,
        8
      ],
      "2": [
        0,
        8
      ],
      "3": [
        8,
        0
      ],
      "4": [
        8,
        0
      ],
      "5": [
        0,
        8
      ],
      "6": [
        0,
        8
      ],
      "7": [
        8,
        0
      ],
      "8": [
        8,
        0
      ],
      "9": [
        0,
        0
      ],
      "10": [
        8,
        8
      ],
      "11": [
        0,
        8
      ],
      "12": [
        8,
        8
      ],
      "13": [
        0,
        0
      ],
      "14": [
        0,
        8
      ],
      "15": [
        0,
        8
      ]
    },
    "_coverageSchema": "1a1c01bbd47fc00a2c39e90264f33305004495a9",
    "hash": "bb92db4b6f4196071bdaacc1f5bd1e04ddd851d9"
  },
  "/home/user/Documents/Projet/Epitech/T-ESP-901-81605-PAR_Gospalaga/admin-panel/application/src/middleware.ts": {
    "path": "/home/user/Documents/Projet/Epitech/T-ESP-901-81605-PAR_Gospalaga/admin-panel/application/src/middleware.ts",
    "statementMap": {},
    "fnMap": {},
    "branchMap": {},
    "s": {},
    "f": {},
    "b": {}
  },
  "/home/user/Documents/Projet/Epitech/T-ESP-901-81605-PAR_Gospalaga/admin-panel/application/src/app/layout.tsx": {
    "path": "/home/user/Documents/Projet/Epitech/T-ESP-901-81605-PAR_Gospalaga/admin-panel/application/src/app/layout.tsx",
    "statementMap": {},
    "fnMap": {},
    "branchMap": {},
    "s": {},
    "f": {},
    "b": {}
  },
  "/home/user/Documents/Projet/Epitech/T-ESP-901-81605-PAR_Gospalaga/admin-panel/application/src/components/DataTable.tsx": {
    "path": "/home/user/Documents/Projet/Epitech/T-ESP-901-81605-PAR_Gospalaga/admin-panel/application/src/components/DataTable.tsx",
    "statementMap": {},
    "fnMap": {},
    "branchMap": {},
    "s": {},
    "f": {},
    "b": {}
  },
  "/home/user/Documents/Projet/Epitech/T-ESP-901-81605-PAR_Gospalaga/admin-panel/application/src/services/auth.mock.ts": {
    "path": "/home/user/Documents/Projet/Epitech/T-ESP-901-81605-PAR_Gospalaga/admin-panel/application/src/services/auth.mock.ts",
    "statementMap": {},
    "fnMap": {},
    "branchMap": {},
    "s": {},
    "f": {},
    "b": {}
  },
  "/home/user/Documents/Projet/Epitech/T-ESP-901-81605-PAR_Gospalaga/admin-panel/application/src/types/admin.ts": {
    "path": "/home/user/Documents/Projet/Epitech/T-ESP-901-81605-PAR_Gospalaga/admin-panel/application/src/types/admin.ts",
    "statementMap": {},
    "fnMap": {},
    "branchMap": {},
    "s": {},
    "f": {},
    "b": {}
  },
  "/home/user/Documents/Projet/Epitech/T-ESP-901-81605-PAR_Gospalaga/admin-panel/application/src/types/api.ts": {
    "path": "/home/user/Documents/Projet/Epitech/T-ESP-901-81605-PAR_Gospalaga/admin-panel/application/src/types/api.ts",
    "statementMap": {},
    "fnMap": {},
    "branchMap": {},
    "s": {},
    "f": {},
    "b": {}
  },
  "/home/user/Documents/Projet/Epitech/T-ESP-901-81605-PAR_Gospalaga/admin-panel/application/src/types/auth.ts": {
    "path": "/home/user/Documents/Projet/Epitech/T-ESP-901-81605-PAR_Gospalaga/admin-panel/application/src/types/auth.ts",
    "statementMap": {},
    "fnMap": {},
    "branchMap": {},
    "s": {},
    "f": {},
    "b": {}
  },
  "/home/user/Documents/Projet/Epitech/T-ESP-901-81605-PAR_Gospalaga/admin-panel/application/src/types/booking.ts": {
    "path": "/home/user/Documents/Projet/Epitech/T-ESP-901-81605-PAR_Gospalaga/admin-panel/application/src/types/booking.ts",
    "statementMap": {},
    "fnMap": {},
    "branchMap": {},
    "s": {},
    "f": {},
    "b": {}
  },
  "/home/user/Documents/Projet/Epitech/T-ESP-901-81605-PAR_Gospalaga/admin-panel/application/src/types/dashboard.ts": {
    "path": "/home/user/Documents/Projet/Epitech/T-ESP-901-81605-PAR_Gospalaga/admin-panel/application/src/types/dashboard.ts",
    "statementMap": {},
    "fnMap": {},
    "branchMap": {},
    "s": {},
    "f": {},
    "b": {}
  },
  "/home/user/Documents/Projet/Epitech/T-ESP-901-81605-PAR_Gospalaga/admin-panel/application/src/types/feedback.ts": {
    "path": "/home/user/Documents/Projet/Epitech/T-ESP-901-81605-PAR_Gospalaga/admin-panel/application/src/types/feedback.ts",
    "statementMap": {},
    "fnMap": {},
    "branchMap": {},
    "s": {},
    "f": {},
    "b": {}
  },
  "/home/user/Documents/Projet/Epitech/T-ESP-901-81605-PAR_Gospalaga/admin-panel/application/src/types/index.ts": {
    "path": "/home/user/Documents/Projet/Epitech/T-ESP-901-81605-PAR_Gospalaga/admin-panel/application/src/types/index.ts",
    "statementMap": {},
    "fnMap": {},
    "branchMap": {},
    "s": {},
    "f": {},
    "b": {}
  },
  "/home/user/Documents/Projet/Epitech/T-ESP-901-81605-PAR_Gospalaga/admin-panel/application/src/utils/date.ts": {
    "path": "/home/user/Documents/Projet/Epitech/T-ESP-901-81605-PAR_Gospalaga/admin-panel/application/src/utils/date.ts",
    "statementMap": {},
    "fnMap": {},
    "branchMap": {},
    "s": {},
    "f": {},
    "b": {}
  },
  "/home/user/Documents/Projet/Epitech/T-ESP-901-81605-PAR_Gospalaga/admin-panel/application/src/utils/format.ts": {
    "path": "/home/user/Documents/Projet/Epitech/T-ESP-901-81605-PAR_Gospalaga/admin-panel/application/src/utils/format.ts",
    "statementMap": {},
    "fnMap": {},
    "branchMap": {},
    "s": {},
    "f": {},
    "b": {}
  },
  "/home/user/Documents/Projet/Epitech/T-ESP-901-81605-PAR_Gospalaga/admin-panel/application/src/utils/index.ts": {
    "path": "/home/user/Documents/Projet/Epitech/T-ESP-901-81605-PAR_Gospalaga/admin-panel/application/src/utils/index.ts",
    "statementMap": {},
    "fnMap": {},
    "branchMap": {},
    "s": {},
    "f": {},
    "b": {}
  },
  "/home/user/Documents/Projet/Epitech/T-ESP-901-81605-PAR_Gospalaga/admin-panel/application/src/utils/validation.ts": {
    "path": "/home/user/Documents/Projet/Epitech/T-ESP-901-81605-PAR_Gospalaga/admin-panel/application/src/utils/validation.ts",
    "statementMap": {},
    "fnMap": {},
    "branchMap": {},
    "s": {},
    "f": {},
    "b": {}
  },
  "/home/user/Documents/Projet/Epitech/T-ESP-901-81605-PAR_Gospalaga/admin-panel/application/src/components/tables/flightBookingsColumns.tsx": {
    "path": "/home/user/Documents/Projet/Epitech/T-ESP-901-81605-PAR_Gospalaga/admin-panel/application/src/components/tables/flightBookingsColumns.tsx",
    "statementMap": {},
    "fnMap": {},
    "branchMap": {},
    "s": {},
    "f": {},
    "b": {}
  },
  "/home/user/Documents/Projet/Epitech/T-ESP-901-81605-PAR_Gospalaga/admin-panel/application/src/components/tables/hotelBookingsColumns.tsx": {
    "path": "/home/user/Documents/Projet/Epitech/T-ESP-901-81605-PAR_Gospalaga/admin-panel/application/src/components/tables/hotelBookingsColumns.tsx",
    "statementMap": {},
    "fnMap": {},
    "branchMap": {},
    "s": {},
    "f": {},
    "b": {}
  },
  "/home/user/Documents/Projet/Epitech/T-ESP-901-81605-PAR_Gospalaga/admin-panel/application/src/components/tables/index.ts": {
    "path": "/home/user/Documents/Projet/Epitech/T-ESP-901-81605-PAR_Gospalaga/admin-panel/application/src/components/tables/index.ts",
    "statementMap": {},
    "fnMap": {},
    "branchMap": {},
    "s": {},
    "f": {},
    "b": {}
  },
  "/home/user/Documents/Projet/Epitech/T-ESP-901-81605-PAR_Gospalaga/admin-panel/application/src/components/tables/travelersColumns.tsx": {
    "path": "/home/user/Documents/Projet/Epitech/T-ESP-901-81605-PAR_Gospalaga/admin-panel/application/src/components/tables/travelersColumns.tsx",
    "statementMap": {},
    "fnMap": {},
    "branchMap": {},
    "s": {},
    "f": {},
    "b": {}
  },
  "/home/user/Documents/Projet/Epitech/T-ESP-901-81605-PAR_Gospalaga/admin-panel/application/src/components/tables/tripsColumns.tsx": {
    "path": "/home/user/Documents/Projet/Epitech/T-ESP-901-81605-PAR_Gospalaga/admin-panel/application/src/components/tables/tripsColumns.tsx",
    "statementMap": {},
    "fnMap": {},
    "branchMap": {},
    "s": {},
    "f": {},
    "b": {}
  },
  "/home/user/Documents/Projet/Epitech/T-ESP-901-81605-PAR_Gospalaga/admin-panel/application/src/app/(dashboard)/dashboard/page.tsx": {
    "path": "/home/user/Documents/Projet/Epitech/T-ESP-901-81605-PAR_Gospalaga/admin-panel/application/src/app/(dashboard)/dashboard/page.tsx",
    "statementMap": {},
    "fnMap": {},
    "branchMap": {},
    "s": {},
    "f": {},
    "b": {}
  },
  "/home/user/Documents/Projet/Epitech/T-ESP-901-81605-PAR_Gospalaga/admin-panel/application/src/app/(dashboard)/test/page.tsx": {
    "path": "/home/user/Documents/Projet/Epitech/T-ESP-901-81605-PAR_Gospalaga/admin-panel/application/src/app/(dashboard)/test/page.tsx",
    "statementMap": {},
    "fnMap": {},
    "branchMap": {},
    "s": {},
    "f": {},
    "b": {}
  },
  "/home/user/Documents/Projet/Epitech/T-ESP-901-81605-PAR_Gospalaga/admin-panel/application/src/app/api/__coverage__/route.ts": {
    "path": "/home/user/Documents/Projet/Epitech/T-ESP-901-81605-PAR_Gospalaga/admin-panel/application/src/app/api/__coverage__/route.ts",
    "statementMap": {},
    "fnMap": {},
    "branchMap": {},
    "s": {},
    "f": {},
    "b": {}
  }
}
