{
  "/home/user/Documents/Projet/Epitech/T-ESP-901-81605-PAR_Gospalaga/admin-panel/application/src/app/page.tsx": {
    "path": "/home/user/Documents/Projet/Epitech/T-ESP-901-81605-PAR_Gospalaga/admin-panel/application/src/app/page.tsx",
    "statementMap": {
      "0": {
        "start": {
          "line": 7,
          "column": 36
        },
        "end": {
          "line": 7,
          "column": 56
        }
      },
      "1": {
        "start": {
          "line": 9,
          "column": 16
        },
        "end": {
          "line": 14,
          "column": 3
        }
      },
      "2": {
        "start": {
          "line": 16,
          "column": 19
        },
        "end": {
          "line": 53,
          "column": 3
        }
      },
      "3": {
        "start": {
          "line": 55,
          "column": 2
        },
        "end": {
          "line": 327,
          "column": 3
        }
      },
      "4": {
        "start": {
          "line": 122,
          "column": 14
        },
        "end": {
          "line": 130,
          "column": 20
        }
      },
      "5": {
        "start": {
          "line": 152,
          "column": 31
        },
        "end": {
          "line": 152,
          "column": 55
        }
      },
      "6": {
        "start": {
          "line": 163,
          "column": 31
        },
        "end": {
          "line": 163,
          "column": 51
        }
      },
      "7": {
        "start": {
          "line": 183,
          "column": 16
        },
        "end": {
          "line": 199,
          "column": 22
        }
      },
      "8": {
        "start": {
          "line": 193,
          "column": 22
        },
        "end": {
          "line": 196,
          "column": 27
        }
      },
      "9": {
        "start": {
          "line": 216,
          "column": 22
        },
        "end": {
          "line": 222,
          "column": 28
        }
      },
      "10": {
        "start": {
          "line": 235,
          "column": 22
        },
        "end": {
          "line": 241,
          "column": 28
        }
      }
    },
    "fnMap": {
      "0": {
        "name": "Home",
        "decl": {
          "start": {
            "line": 6,
            "column": 24
          },
          "end": {
            "line": 6,
            "column": 28
          }
        },
        "loc": {
          "start": {
            "line": 6,
            "column": 31
          },
          "end": {
            "line": 328,
            "column": 1
          }
        },
        "line": 6
      },
      "1": {
        "name": "(anonymous_1)",
        "decl": {
          "start": {
            "line": 121,
            "column": 23
          },
          "end": {
            "line": 121,
            "column": 24
          }
        },
        "loc": {
          "start": {
            "line": 122,
            "column": 14
          },
          "end": {
            "line": 130,
            "column": 20
          }
        },
        "line": 122
      },
      "2": {
        "name": "(anonymous_2)",
        "decl": {
          "start": {
            "line": 152,
            "column": 25
          },
          "end": {
            "line": 152,
            "column": 26
          }
        },
        "loc": {
          "start": {
            "line": 152,
            "column": 31
          },
          "end": {
            "line": 152,
            "column": 55
          }
        },
        "line": 152
      },
      "3": {
        "name": "(anonymous_3)",
        "decl": {
          "start": {
            "line": 163,
            "column": 25
          },
          "end": {
            "line": 163,
            "column": 26
          }
        },
        "loc": {
          "start": {
            "line": 163,
            "column": 31
          },
          "end": {
            "line": 163,
            "column": 51
          }
        },
        "line": 163
      },
      "4": {
        "name": "(anonymous_4)",
        "decl": {
          "start": {
            "line": 182,
            "column": 28
          },
          "end": {
            "line": 182,
            "column": 29
          }
        },
        "loc": {
          "start": {
            "line": 183,
            "column": 16
          },
          "end": {
            "line": 199,
            "column": 22
          }
        },
        "line": 183
      },
      "5": {
        "name": "(anonymous_5)",
        "decl": {
          "start": {
            "line": 192,
            "column": 39
          },
          "end": {
            "line": 192,
            "column": 40
          }
        },
        "loc": {
          "start": {
            "line": 193,
            "column": 22
          },
          "end": {
            "line": 196,
            "column": 27
          }
        },
        "line": 193
      },
      "6": {
        "name": "(anonymous_6)",
        "decl": {
          "start": {
            "line": 215,
            "column": 26
          },
          "end": {
            "line": 215,
            "column": 27
          }
        },
        "loc": {
          "start": {
            "line": 216,
            "column": 22
          },
          "end": {
            "line": 222,
            "column": 28
          }
        },
        "line": 216
      },
      "7": {
        "name": "(anonymous_7)",
        "decl": {
          "start": {
            "line": 234,
            "column": 26
          },
          "end": {
            "line": 234,
            "column": 27
          }
        },
        "loc": {
          "start": {
            "line": 235,
            "column": 22
          },
          "end": {
            "line": 241,
            "column": 28
          }
        },
        "line": 235
      }
    },
    "branchMap": {
      "0": {
        "loc": {
          "start": {
            "line": 154,
            "column": 18
          },
          "end": {
            "line": 156,
            "column": 57
          }
        },
        "type": "cond-expr",
        "locations": [
          {
            "start": {
              "line": 155,
              "column": 22
            },
            "end": {
              "line": 155,
              "column": 53
            }
          },
          {
            "start": {
              "line": 156,
              "column": 22
            },
            "end": {
              "line": 156,
              "column": 57
            }
          }
        ],
        "line": 154
      },
      "1": {
        "loc": {
          "start": {
            "line": 165,
            "column": 18
          },
          "end": {
            "line": 167,
            "column": 57
          }
        },
        "type": "cond-expr",
        "locations": [
          {
            "start": {
              "line": 166,
              "column": 22
            },
            "end": {
              "line": 166,
              "column": 53
            }
          },
          {
            "start": {
              "line": 167,
              "column": 22
            },
            "end": {
              "line": 167,
              "column": 57
            }
          }
        ],
        "line": 165
      },
      "2": {
        "loc": {
          "start": {
            "line": 177,
            "column": 11
          },
          "end": {
            "line": 202,
            "column": 11
          }
        },
        "type": "binary-expr",
        "locations": [
          {
            "start": {
              "line": 177,
              "column": 11
            },
            "end": {
              "line": 177,
              "column": 35
            }
          },
          {
            "start": {
              "line": 178,
              "column": 12
            },
            "end": {
              "line": 201,
              "column": 18
            }
          }
        ],
        "line": 177
      },
      "3": {
        "loc": {
          "start": {
            "line": 204,
            "column": 11
          },
          "end": {
            "line": 247,
            "column": 11
          }
        },
        "type": "binary-expr",
        "locations": [
          {
            "start": {
              "line": 204,
              "column": 11
            },
            "end": {
              "line": 204,
              "column": 31
            }
          },
          {
            "start": {
              "line": 205,
              "column": 12
            },
            "end": {
              "line": 246,
              "column": 18
            }
          }
        ],
        "line": 204
      }
    },
    "s": {
      "0": 512,
      "1": 512,
      "2": 512,
      "3": 512,
      "4": 2048,
      "5": 12,
      "6": 23,
      "7": 2796,
      "8": 11184,
      "9": 184,
      "10": 184
    },
    "f": {
      "0": 512,
      "1": 2048,
      "2": 12,
      "3": 23,
      "4": 2796,
      "5": 11184,
      "6": 184,
      "7": 184
    },
    "b": {
      "0": [
        466,
        46
      ],
      "1": [
        46,
        466
      ],
      "2": [
        512,
        466
      ],
      "3": [
        512,
        46
      ]
    },
    "_coverageSchema": "1a1c01bbd47fc00a2c39e90264f33305004495a9",
    "hash": "e76db6444ae68b75804781ed0d0c15d50799da01"
  },
  "/home/user/Documents/Projet/Epitech/T-ESP-901-81605-PAR_Gospalaga/admin-panel/application/src/lib/query-client.ts": {
    "path": "/home/user/Documents/Projet/Epitech/T-ESP-901-81605-PAR_Gospalaga/admin-panel/application/src/lib/query-client.ts",
    "statementMap": {
      "0": {
        "start": {
          "line": 3,
          "column": 27
        },
        "end": {
          "line": 30,
          "column": 2
        }
      },
      "1": {
        "start": {
          "line": 9,
          "column": 27
        },
        "end": {
          "line": 9,
          "column": 70
        }
      },
      "2": {
        "start": {
          "line": 10,
          "column": 8
        },
        "end": {
          "line": 12,
          "column": 9
        }
      },
      "3": {
        "start": {
          "line": 11,
          "column": 10
        },
        "end": {
          "line": 11,
          "column": 22
        }
      },
      "4": {
        "start": {
          "line": 13,
          "column": 8
        },
        "end": {
          "line": 13,
          "column": 31
        }
      },
      "5": {
        "start": {
          "line": 18,
          "column": 27
        },
        "end": {
          "line": 18,
          "column": 70
        }
      },
      "6": {
        "start": {
          "line": 19,
          "column": 8
        },
        "end": {
          "line": 25,
          "column": 9
        }
      },
      "7": {
        "start": {
          "line": 24,
          "column": 10
        },
        "end": {
          "line": 24,
          "column": 22
        }
      },
      "8": {
        "start": {
          "line": 26,
          "column": 8
        },
        "end": {
          "line": 26,
          "column": 31
        }
      }
    },
    "fnMap": {
      "0": {
        "name": "(anonymous_0)",
        "decl": {
          "start": {
            "line": 8,
            "column": 13
          },
          "end": {
            "line": 8,
            "column": 14
          }
        },
        "loc": {
          "start": {
            "line": 8,
            "column": 47
          },
          "end": {
            "line": 14,
            "column": 7
          }
        },
        "line": 8
      },
      "1": {
        "name": "(anonymous_1)",
        "decl": {
          "start": {
            "line": 17,
            "column": 13
          },
          "end": {
            "line": 17,
            "column": 14
          }
        },
        "loc": {
          "start": {
            "line": 17,
            "column": 47
          },
          "end": {
            "line": 27,
            "column": 7
          }
        },
        "line": 17
      }
    },
    "branchMap": {
      "0": {
        "loc": {
          "start": {
            "line": 10,
            "column": 8
          },
          "end": {
            "line": 12,
            "column": 9
          }
        },
        "type": "if",
        "locations": [
          {
            "start": {
              "line": 10,
              "column": 8
            },
            "end": {
              "line": 12,
              "column": 9
            }
          },
          {
            "start": {},
            "end": {}
          }
        ],
        "line": 10
      },
      "1": {
        "loc": {
          "start": {
            "line": 10,
            "column": 12
          },
          "end": {
            "line": 10,
            "column": 88
          }
        },
        "type": "binary-expr",
        "locations": [
          {
            "start": {
              "line": 10,
              "column": 12
            },
            "end": {
              "line": 10,
              "column": 48
            }
          },
          {
            "start": {
              "line": 10,
              "column": 52
            },
            "end": {
              "line": 10,
              "column": 88
            }
          }
        ],
        "line": 10
      },
      "2": {
        "loc": {
          "start": {
            "line": 19,
            "column": 8
          },
          "end": {
            "line": 25,
            "column": 9
          }
        },
        "type": "if",
        "locations": [
          {
            "start": {
              "line": 19,
              "column": 8
            },
            "end": {
              "line": 25,
              "column": 9
            }
          },
          {
            "start": {},
            "end": {}
          }
        ],
        "line": 19
      },
      "3": {
        "loc": {
          "start": {
            "line": 20,
            "column": 10
          },
          "end": {
            "line": 22,
            "column": 42
          }
        },
        "type": "binary-expr",
        "locations": [
          {
            "start": {
              "line": 20,
              "column": 10
            },
            "end": {
              "line": 20,
              "column": 38
            }
          },
          {
            "start": {
              "line": 21,
              "column": 10
            },
            "end": {
              "line": 21,
              "column": 43
            }
          },
          {
            "start": {
              "line": 22,
              "column": 10
            },
            "end": {
              "line": 22,
              "column": 42
            }
          }
        ],
        "line": 20
      }
    },
    "s": {
      "0": 2788,
      "1": 0,
      "2": 0,
      "3": 0,
      "4": 0,
      "5": 26,
      "6": 26,
      "7": 26,
      "8": 0
    },
    "f": {
      "0": 0,
      "1": 26
    },
    "b": {
      "0": [
        0,
        0
      ],
      "1": [
        0,
        0
      ],
      "2": [
        26,
        0
      ],
      "3": [
        26,
        26,
        26
      ]
    },
    "_coverageSchema": "1a1c01bbd47fc00a2c39e90264f33305004495a9",
    "hash": "c235d90c4128d376a313135504382a7fe29616f0"
  },
  "/home/user/Documents/Projet/Epitech/T-ESP-901-81605-PAR_Gospalaga/admin-panel/application/src/components/providers/QueryProvider.tsx": {
    "path": "/home/user/Documents/Projet/Epitech/T-ESP-901-81605-PAR_Gospalaga/admin-panel/application/src/components/providers/QueryProvider.tsx",
    "statementMap": {
      "0": {
        "start": {
          "line": 12,
          "column": 2
        },
        "end": {
          "line": 17,
          "column": 3
        }
      }
    },
    "fnMap": {
      "0": {
        "name": "QueryProvider",
        "decl": {
          "start": {
            "line": 11,
            "column": 16
          },
          "end": {
            "line": 11,
            "column": 29
          }
        },
        "loc": {
          "start": {
            "line": 11,
            "column": 64
          },
          "end": {
            "line": 18,
            "column": 1
          }
        },
        "line": 11
      }
    },
    "branchMap": {
      "0": {
        "loc": {
          "start": {
            "line": 15,
            "column": 7
          },
          "end": {
            "line": 15,
            "column": 93
          }
        },
        "type": "binary-expr",
        "locations": [
          {
            "start": {
              "line": 15,
              "column": 7
            },
            "end": {
              "line": 15,
              "column": 45
            }
          },
          {
            "start": {
              "line": 15,
              "column": 49
            },
            "end": {
              "line": 15,
              "column": 93
            }
          }
        ],
        "line": 15
      }
    },
    "s": {
      "0": 7036
    },
    "f": {
      "0": 7036
    },
    "b": {
      "0": [
        7036,
        7036
      ]
    },
    "_coverageSchema": "1a1c01bbd47fc00a2c39e90264f33305004495a9",
    "hash": "71ef5e7ef7a888c04f6c74cf83b4b7470bd4fd10"
  },
  "/home/user/Documents/Projet/Epitech/T-ESP-901-81605-PAR_Gospalaga/admin-panel/application/src/components/providers/Providers.tsx": {
    "path": "/home/user/Documents/Projet/Epitech/T-ESP-901-81605-PAR_Gospalaga/admin-panel/application/src/components/providers/Providers.tsx",
    "statementMap": {
      "0": {
        "start": {
          "line": 10,
          "column": 2
        },
        "end": {
          "line": 10,
          "column": 50
        }
      }
    },
    "fnMap": {
      "0": {
        "name": "Providers",
        "decl": {
          "start": {
            "line": 9,
            "column": 16
          },
          "end": {
            "line": 9,
            "column": 25
          }
        },
        "loc": {
          "start": {
            "line": 9,
            "column": 56
          },
          "end": {
            "line": 11,
            "column": 1
          }
        },
        "line": 9
      }
    },
    "branchMap": {},
    "s": {
      "0": 7052
    },
    "f": {
      "0": 7052
    },
    "b": {},
    "_coverageSchema": "1a1c01bbd47fc00a2c39e90264f33305004495a9",
    "hash": "e696926b0986bb5bf72af24ff53abc036a9e676c"
  },
  "/home/user/Documents/Projet/Epitech/T-ESP-901-81605-PAR_Gospalaga/admin-panel/application/src/lib/axios.ts": {
    "path": "/home/user/Documents/Projet/Epitech/T-ESP-901-81605-PAR_Gospalaga/admin-panel/application/src/lib/axios.ts",
    "statementMap": {
      "0": {
        "start": {
          "line": 4,
          "column": 21
        },
        "end": {
          "line": 4,
          "column": 79
        }
      },
      "1": {
        "start": {
          "line": 6,
          "column": 25
        },
        "end": {
          "line": 11,
          "column": 2
        }
      },
      "2": {
        "start": {
          "line": 13,
          "column": 0
        },
        "end": {
          "line": 22,
          "column": 1
        }
      },
      "3": {
        "start": {
          "line": 15,
          "column": 18
        },
        "end": {
          "line": 15,
          "column": 41
        }
      },
      "4": {
        "start": {
          "line": 16,
          "column": 4
        },
        "end": {
          "line": 18,
          "column": 5
        }
      },
      "5": {
        "start": {
          "line": 17,
          "column": 6
        },
        "end": {
          "line": 17,
          "column": 54
        }
      },
      "6": {
        "start": {
          "line": 19,
          "column": 4
        },
        "end": {
          "line": 19,
          "column": 17
        }
      },
      "7": {
        "start": {
          "line": 21,
          "column": 11
        },
        "end": {
          "line": 21,
          "column": 32
        }
      },
      "8": {
        "start": {
          "line": 24,
          "column": 0
        },
        "end": {
          "line": 37,
          "column": 1
        }
      },
      "9": {
        "start": {
          "line": 25,
          "column": 14
        },
        "end": {
          "line": 25,
          "column": 22
        }
      },
      "10": {
        "start": {
          "line": 28,
          "column": 4
        },
        "end": {
          "line": 33,
          "column": 5
        }
      },
      "11": {
        "start": {
          "line": 29,
          "column": 6
        },
        "end": {
          "line": 29,
          "column": 32
        }
      },
      "12": {
        "start": {
          "line": 30,
          "column": 6
        },
        "end": {
          "line": 32,
          "column": 7
        }
      },
      "13": {
        "start": {
          "line": 31,
          "column": 8
        },
        "end": {
          "line": 31,
          "column": 39
        }
      },
      "14": {
        "start": {
          "line": 35,
          "column": 4
        },
        "end": {
          "line": 35,
          "column": 32
        }
      }
    },
    "fnMap": {
      "0": {
        "name": "(anonymous_0)",
        "decl": {
          "start": {
            "line": 14,
            "column": 2
          },
          "end": {
            "line": 14,
            "column": 3
          }
        },
        "loc": {
          "start": {
            "line": 14,
            "column": 12
          },
          "end": {
            "line": 20,
            "column": 3
          }
        },
        "line": 14
      },
      "1": {
        "name": "(anonymous_1)",
        "decl": {
          "start": {
            "line": 21,
            "column": 2
          },
          "end": {
            "line": 21,
            "column": 3
          }
        },
        "loc": {
          "start": {
            "line": 21,
            "column": 11
          },
          "end": {
            "line": 21,
            "column": 32
          }
        },
        "line": 21
      },
      "2": {
        "name": "(anonymous_2)",
        "decl": {
          "start": {
            "line": 25,
            "column": 2
          },
          "end": {
            "line": 25,
            "column": 3
          }
        },
        "loc": {
          "start": {
            "line": 25,
            "column": 14
          },
          "end": {
            "line": 25,
            "column": 22
          }
        },
        "line": 25
      },
      "3": {
        "name": "(anonymous_3)",
        "decl": {
          "start": {
            "line": 26,
            "column": 2
          },
          "end": {
            "line": 26,
            "column": 3
          }
        },
        "loc": {
          "start": {
            "line": 26,
            "column": 17
          },
          "end": {
            "line": 36,
            "column": 3
          }
        },
        "line": 26
      }
    },
    "branchMap": {
      "0": {
        "loc": {
          "start": {
            "line": 4,
            "column": 21
          },
          "end": {
            "line": 4,
            "column": 79
          }
        },
        "type": "binary-expr",
        "locations": [
          {
            "start": {
              "line": 4,
              "column": 21
            },
            "end": {
              "line": 4,
              "column": 52
            }
          },
          {
            "start": {
              "line": 4,
              "column": 56
            },
            "end": {
              "line": 4,
              "column": 79
            }
          }
        ],
        "line": 4
      },
      "1": {
        "loc": {
          "start": {
            "line": 16,
            "column": 4
          },
          "end": {
            "line": 18,
            "column": 5
          }
        },
        "type": "if",
        "locations": [
          {
            "start": {
              "line": 16,
              "column": 4
            },
            "end": {
              "line": 18,
              "column": 5
            }
          },
          {
            "start": {},
            "end": {}
          }
        ],
        "line": 16
      },
      "2": {
        "loc": {
          "start": {
            "line": 28,
            "column": 4
          },
          "end": {
            "line": 33,
            "column": 5
          }
        },
        "type": "if",
        "locations": [
          {
            "start": {
              "line": 28,
              "column": 4
            },
            "end": {
              "line": 33,
              "column": 5
            }
          },
          {
            "start": {},
            "end": {}
          }
        ],
        "line": 28
      },
      "3": {
        "loc": {
          "start": {
            "line": 30,
            "column": 6
          },
          "end": {
            "line": 32,
            "column": 7
          }
        },
        "type": "if",
        "locations": [
          {
            "start": {
              "line": 30,
              "column": 6
            },
            "end": {
              "line": 32,
              "column": 7
            }
          },
          {
            "start": {},
            "end": {}
          }
        ],
        "line": 30
      }
    },
    "s": {
      "0": 2639,
      "1": 2639,
      "2": 2639,
      "3": 10723,
      "4": 10723,
      "5": 10510,
      "6": 10723,
      "7": 0,
      "8": 2639,
      "9": 10552,
      "10": 35,
      "11": 22,
      "12": 22,
      "13": 22,
      "14": 35
    },
    "f": {
      "0": 10723,
      "1": 0,
      "2": 10552,
      "3": 35
    },
    "b": {
      "0": [
        2639,
        2639
      ],
      "1": [
        10510,
        213
      ],
      "2": [
        22,
        13
      ],
      "3": [
        22,
        0
      ]
    },
    "_coverageSchema": "1a1c01bbd47fc00a2c39e90264f33305004495a9",
    "hash": "99d05bdf7802d3771207f91834de4d714c1dd436"
  },
  "/home/user/Documents/Projet/Epitech/T-ESP-901-81605-PAR_Gospalaga/admin-panel/application/src/utils/constants.ts": {
    "path": "/home/user/Documents/Projet/Epitech/T-ESP-901-81605-PAR_Gospalaga/admin-panel/application/src/utils/constants.ts",
    "statementMap": {
      "0": {
        "start": {
          "line": 1,
          "column": 26
        },
        "end": {
          "line": 5,
          "column": 10
        }
      },
      "1": {
        "start": {
          "line": 7,
          "column": 35
        },
        "end": {
          "line": 10,
          "column": 10
        }
      },
      "2": {
        "start": {
          "line": 12,
          "column": 31
        },
        "end": {
          "line": 15,
          "column": 10
        }
      },
      "3": {
        "start": {
          "line": 17,
          "column": 29
        },
        "end": {
          "line": 52,
          "column": 10
        }
      },
      "4": {
        "start": {
          "line": 25,
          "column": 31
        },
        "end": {
          "line": 25,
          "column": 52
        }
      },
      "5": {
        "start": {
          "line": 26,
          "column": 35
        },
        "end": {
          "line": 26,
          "column": 66
        }
      },
      "6": {
        "start": {
          "line": 27,
          "column": 41
        },
        "end": {
          "line": 27,
          "column": 79
        }
      },
      "7": {
        "start": {
          "line": 28,
          "column": 40
        },
        "end": {
          "line": 28,
          "column": 77
        }
      },
      "8": {
        "start": {
          "line": 29,
          "column": 41
        },
        "end": {
          "line": 29,
          "column": 78
        }
      },
      "9": {
        "start": {
          "line": 32,
          "column": 33
        },
        "end": {
          "line": 32,
          "column": 66
        }
      },
      "10": {
        "start": {
          "line": 33,
          "column": 32
        },
        "end": {
          "line": 33,
          "column": 70
        }
      },
      "11": {
        "start": {
          "line": 34,
          "column": 45
        },
        "end": {
          "line": 34,
          "column": 96
        }
      },
      "12": {
        "start": {
          "line": 36,
          "column": 6
        },
        "end": {
          "line": 36,
          "column": 60
        }
      },
      "13": {
        "start": {
          "line": 37,
          "column": 43
        },
        "end": {
          "line": 37,
          "column": 92
        }
      },
      "14": {
        "start": {
          "line": 38,
          "column": 42
        },
        "end": {
          "line": 38,
          "column": 90
        }
      },
      "15": {
        "start": {
          "line": 54,
          "column": 35
        },
        "end": {
          "line": 57,
          "column": 10
        }
      },
      "16": {
        "start": {
          "line": 59,
          "column": 28
        },
        "end": {
          "line": 63,
          "column": 10
        }
      }
    },
    "fnMap": {
      "0": {
        "name": "(anonymous_0)",
        "decl": {
          "start": {
            "line": 25,
            "column": 11
          },
          "end": {
            "line": 25,
            "column": 12
          }
        },
        "loc": {
          "start": {
            "line": 25,
            "column": 31
          },
          "end": {
            "line": 25,
            "column": 52
          }
        },
        "line": 25
      },
      "1": {
        "name": "(anonymous_1)",
        "decl": {
          "start": {
            "line": 26,
            "column": 15
          },
          "end": {
            "line": 26,
            "column": 16
          }
        },
        "loc": {
          "start": {
            "line": 26,
            "column": 35
          },
          "end": {
            "line": 26,
            "column": 66
          }
        },
        "line": 26
      },
      "2": {
        "name": "(anonymous_2)",
        "decl": {
          "start": {
            "line": 27,
            "column": 21
          },
          "end": {
            "line": 27,
            "column": 22
          }
        },
        "loc": {
          "start": {
            "line": 27,
            "column": 41
          },
          "end": {
            "line": 27,
            "column": 79
          }
        },
        "line": 27
      },
      "3": {
        "name": "(anonymous_3)",
        "decl": {
          "start": {
            "line": 28,
            "column": 20
          },
          "end": {
            "line": 28,
            "column": 21
          }
        },
        "loc": {
          "start": {
            "line": 28,
            "column": 40
          },
          "end": {
            "line": 28,
            "column": 77
          }
        },
        "line": 28
      },
      "4": {
        "name": "(anonymous_4)",
        "decl": {
          "start": {
            "line": 29,
            "column": 21
          },
          "end": {
            "line": 29,
            "column": 22
          }
        },
        "loc": {
          "start": {
            "line": 29,
            "column": 41
          },
          "end": {
            "line": 29,
            "column": 78
          }
        },
        "line": 29
      },
      "5": {
        "name": "(anonymous_5)",
        "decl": {
          "start": {
            "line": 32,
            "column": 11
          },
          "end": {
            "line": 32,
            "column": 12
          }
        },
        "loc": {
          "start": {
            "line": 32,
            "column": 33
          },
          "end": {
            "line": 32,
            "column": 66
          }
        },
        "line": 32
      },
      "6": {
        "name": "(anonymous_6)",
        "decl": {
          "start": {
            "line": 33,
            "column": 10
          },
          "end": {
            "line": 33,
            "column": 11
          }
        },
        "loc": {
          "start": {
            "line": 33,
            "column": 32
          },
          "end": {
            "line": 33,
            "column": 70
          }
        },
        "line": 33
      },
      "7": {
        "name": "(anonymous_7)",
        "decl": {
          "start": {
            "line": 34,
            "column": 23
          },
          "end": {
            "line": 34,
            "column": 24
          }
        },
        "loc": {
          "start": {
            "line": 34,
            "column": 45
          },
          "end": {
            "line": 34,
            "column": 96
          }
        },
        "line": 34
      },
      "8": {
        "name": "(anonymous_8)",
        "decl": {
          "start": {
            "line": 35,
            "column": 26
          },
          "end": {
            "line": 35,
            "column": 27
          }
        },
        "loc": {
          "start": {
            "line": 36,
            "column": 6
          },
          "end": {
            "line": 36,
            "column": 60
          }
        },
        "line": 36
      },
      "9": {
        "name": "(anonymous_9)",
        "decl": {
          "start": {
            "line": 37,
            "column": 21
          },
          "end": {
            "line": 37,
            "column": 22
          }
        },
        "loc": {
          "start": {
            "line": 37,
            "column": 43
          },
          "end": {
            "line": 37,
            "column": 92
          }
        },
        "line": 37
      },
      "10": {
        "name": "(anonymous_10)",
        "decl": {
          "start": {
            "line": 38,
            "column": 20
          },
          "end": {
            "line": 38,
            "column": 21
          }
        },
        "loc": {
          "start": {
            "line": 38,
            "column": 42
          },
          "end": {
            "line": 38,
            "column": 90
          }
        },
        "line": 38
      }
    },
    "branchMap": {},
    "s": {
      "0": 2639,
      "1": 2639,
      "2": 2639,
      "3": 2639,
      "4": 0,
      "5": 221,
      "6": 157,
      "7": 126,
      "8": 132,
      "9": 6,
      "10": 0,
      "11": 29,
      "12": 6,
      "13": 0,
      "14": 0,
      "15": 2639,
      "16": 2639
    },
    "f": {
      "0": 0,
      "1": 221,
      "2": 157,
      "3": 126,
      "4": 132,
      "5": 6,
      "6": 0,
      "7": 29,
      "8": 6,
      "9": 0,
      "10": 0
    },
    "b": {},
    "_coverageSchema": "1a1c01bbd47fc00a2c39e90264f33305004495a9",
    "hash": "9cf3b7ed2f41020261ecb7b3a29600ad0e416a52"
  },
  "/home/user/Documents/Projet/Epitech/T-ESP-901-81605-PAR_Gospalaga/admin-panel/application/src/services/auth.ts": {
    "path": "/home/user/Documents/Projet/Epitech/T-ESP-901-81605-PAR_Gospalaga/admin-panel/application/src/services/auth.ts",
    "statementMap": {
      "0": {
        "start": {
          "line": 5,
          "column": 27
        },
        "end": {
          "line": 20,
          "column": 1
        }
      },
      "1": {
        "start": {
          "line": 7,
          "column": 21
        },
        "end": {
          "line": 7,
          "column": 97
        }
      },
      "2": {
        "start": {
          "line": 8,
          "column": 4
        },
        "end": {
          "line": 8,
          "column": 24
        }
      },
      "3": {
        "start": {
          "line": 12,
          "column": 21
        },
        "end": {
          "line": 12,
          "column": 94
        }
      },
      "4": {
        "start": {
          "line": 13,
          "column": 4
        },
        "end": {
          "line": 13,
          "column": 24
        }
      },
      "5": {
        "start": {
          "line": 17,
          "column": 21
        },
        "end": {
          "line": 17,
          "column": 69
        }
      },
      "6": {
        "start": {
          "line": 18,
          "column": 4
        },
        "end": {
          "line": 18,
          "column": 24
        }
      }
    },
    "fnMap": {
      "0": {
        "name": "(anonymous_0)",
        "decl": {
          "start": {
            "line": 6,
            "column": 2
          },
          "end": {
            "line": 6,
            "column": 3
          }
        },
        "loc": {
          "start": {
            "line": 6,
            "column": 74
          },
          "end": {
            "line": 9,
            "column": 3
          }
        },
        "line": 6
      },
      "1": {
        "name": "(anonymous_1)",
        "decl": {
          "start": {
            "line": 11,
            "column": 2
          },
          "end": {
            "line": 11,
            "column": 3
          }
        },
        "loc": {
          "start": {
            "line": 11,
            "column": 68
          },
          "end": {
            "line": 14,
            "column": 3
          }
        },
        "line": 11
      },
      "2": {
        "name": "(anonymous_2)",
        "decl": {
          "start": {
            "line": 16,
            "column": 2
          },
          "end": {
            "line": 16,
            "column": 3
          }
        },
        "loc": {
          "start": {
            "line": 16,
            "column": 40
          },
          "end": {
            "line": 19,
            "column": 3
          }
        },
        "line": 16
      }
    },
    "branchMap": {},
    "s": {
      "0": 2639,
      "1": 75,
      "2": 50,
      "3": 64,
      "4": 38,
      "5": 1999,
      "6": 1990
    },
    "f": {
      "0": 75,
      "1": 64,
      "2": 1999
    },
    "b": {},
    "_coverageSchema": "1a1c01bbd47fc00a2c39e90264f33305004495a9",
    "hash": "e0cf6174156f2ff7fa34e0e7dbaf5fc2210fe339"
  },
  "/home/user/Documents/Projet/Epitech/T-ESP-901-81605-PAR_Gospalaga/admin-panel/application/src/services/users.ts": {
    "path": "/home/user/Documents/Projet/Epitech/T-ESP-901-81605-PAR_Gospalaga/admin-panel/application/src/services/users.ts",
    "statementMap": {
      "0": {
        "start": {
          "line": 5,
          "column": 28
        },
        "end": {
          "line": 56,
          "column": 1
        }
      },
      "1": {
        "start": {
          "line": 9,
          "column": 21
        },
        "end": {
          "line": 15,
          "column": 39
        }
      },
      "2": {
        "start": {
          "line": 17,
          "column": 4
        },
        "end": {
          "line": 25,
          "column": 5
        }
      },
      "3": {
        "start": {
          "line": 29,
          "column": 21
        },
        "end": {
          "line": 29,
          "column": 91
        }
      },
      "4": {
        "start": {
          "line": 30,
          "column": 4
        },
        "end": {
          "line": 30,
          "column": 29
        }
      },
      "5": {
        "start": {
          "line": 34,
          "column": 21
        },
        "end": {
          "line": 34,
          "column": 97
        }
      },
      "6": {
        "start": {
          "line": 35,
          "column": 4
        },
        "end": {
          "line": 35,
          "column": 29
        }
      },
      "7": {
        "start": {
          "line": 39,
          "column": 4
        },
        "end": {
          "line": 39,
          "column": 58
        }
      },
      "8": {
        "start": {
          "line": 43,
          "column": 21
        },
        "end": {
          "line": 45,
          "column": 5
        }
      },
      "9": {
        "start": {
          "line": 46,
          "column": 4
        },
        "end": {
          "line": 46,
          "column": 29
        }
      },
      "10": {
        "start": {
          "line": 50,
          "column": 21
        },
        "end": {
          "line": 53,
          "column": 6
        }
      },
      "11": {
        "start": {
          "line": 54,
          "column": 4
        },
        "end": {
          "line": 54,
          "column": 24
        }
      }
    },
    "fnMap": {
      "0": {
        "name": "(anonymous_0)",
        "decl": {
          "start": {
            "line": 6,
            "column": 2
          },
          "end": {
            "line": 6,
            "column": 3
          }
        },
        "loc": {
          "start": {
            "line": 6,
            "column": 73
          },
          "end": {
            "line": 26,
            "column": 3
          }
        },
        "line": 6
      },
      "1": {
        "name": "(anonymous_1)",
        "decl": {
          "start": {
            "line": 28,
            "column": 2
          },
          "end": {
            "line": 28,
            "column": 3
          }
        },
        "loc": {
          "start": {
            "line": 28,
            "column": 47
          },
          "end": {
            "line": 31,
            "column": 3
          }
        },
        "line": 28
      },
      "2": {
        "name": "(anonymous_2)",
        "decl": {
          "start": {
            "line": 33,
            "column": 2
          },
          "end": {
            "line": 33,
            "column": 3
          }
        },
        "loc": {
          "start": {
            "line": 33,
            "column": 67
          },
          "end": {
            "line": 36,
            "column": 3
          }
        },
        "line": 33
      },
      "3": {
        "name": "(anonymous_3)",
        "decl": {
          "start": {
            "line": 38,
            "column": 2
          },
          "end": {
            "line": 38,
            "column": 3
          }
        },
        "loc": {
          "start": {
            "line": 38,
            "column": 46
          },
          "end": {
            "line": 40,
            "column": 3
          }
        },
        "line": 38
      },
      "4": {
        "name": "(anonymous_4)",
        "decl": {
          "start": {
            "line": 42,
            "column": 2
          },
          "end": {
            "line": 42,
            "column": 3
          }
        },
        "loc": {
          "start": {
            "line": 42,
            "column": 52
          },
          "end": {
            "line": 47,
            "column": 3
          }
        },
        "line": 42
      },
      "5": {
        "name": "(anonymous_5)",
        "decl": {
          "start": {
            "line": 49,
            "column": 2
          },
          "end": {
            "line": 49,
            "column": 3
          }
        },
        "loc": {
          "start": {
            "line": 49,
            "column": 57
          },
          "end": {
            "line": 55,
            "column": 3
          }
        },
        "line": 49
      }
    },
    "branchMap": {},
    "s": {
      "0": 2639,
      "1": 1520,
      "2": 1501,
      "3": 0,
      "4": 0,
      "5": 0,
      "6": 0,
      "7": 0,
      "8": 0,
      "9": 0,
      "10": 0,
      "11": 0
    },
    "f": {
      "0": 1520,
      "1": 0,
      "2": 0,
      "3": 0,
      "4": 0,
      "5": 0
    },
    "b": {},
    "_coverageSchema": "1a1c01bbd47fc00a2c39e90264f33305004495a9",
    "hash": "36c519ea5b72dd18697220bd8d4717579ad09629"
  },
  "/home/user/Documents/Projet/Epitech/T-ESP-901-81605-PAR_Gospalaga/admin-panel/application/src/services/feedbacks.ts": {
    "path": "/home/user/Documents/Projet/Epitech/T-ESP-901-81605-PAR_Gospalaga/admin-panel/application/src/services/feedbacks.ts",
    "statementMap": {
      "0": {
        "start": {
          "line": 15,
          "column": 32
        },
        "end": {
          "line": 48,
          "column": 1
        }
      },
      "1": {
        "start": {
          "line": 17,
          "column": 21
        },
        "end": {
          "line": 20,
          "column": 5
        }
      },
      "2": {
        "start": {
          "line": 21,
          "column": 4
        },
        "end": {
          "line": 21,
          "column": 29
        }
      },
      "3": {
        "start": {
          "line": 25,
          "column": 21
        },
        "end": {
          "line": 25,
          "column": 99
        }
      },
      "4": {
        "start": {
          "line": 26,
          "column": 4
        },
        "end": {
          "line": 26,
          "column": 29
        }
      },
      "5": {
        "start": {
          "line": 30,
          "column": 21
        },
        "end": {
          "line": 33,
          "column": 5
        }
      },
      "6": {
        "start": {
          "line": 34,
          "column": 4
        },
        "end": {
          "line": 34,
          "column": 29
        }
      },
      "7": {
        "start": {
          "line": 38,
          "column": 4
        },
        "end": {
          "line": 38,
          "column": 62
        }
      },
      "8": {
        "start": {
          "line": 42,
          "column": 21
        },
        "end": {
          "line": 45,
          "column": 6
        }
      },
      "9": {
        "start": {
          "line": 46,
          "column": 4
        },
        "end": {
          "line": 46,
          "column": 24
        }
      }
    },
    "fnMap": {
      "0": {
        "name": "(anonymous_0)",
        "decl": {
          "start": {
            "line": 16,
            "column": 2
          },
          "end": {
            "line": 16,
            "column": 3
          }
        },
        "loc": {
          "start": {
            "line": 16,
            "column": 89
          },
          "end": {
            "line": 22,
            "column": 3
          }
        },
        "line": 16
      },
      "1": {
        "name": "(anonymous_1)",
        "decl": {
          "start": {
            "line": 24,
            "column": 2
          },
          "end": {
            "line": 24,
            "column": 3
          }
        },
        "loc": {
          "start": {
            "line": 24,
            "column": 55
          },
          "end": {
            "line": 27,
            "column": 3
          }
        },
        "line": 24
      },
      "2": {
        "name": "(anonymous_2)",
        "decl": {
          "start": {
            "line": 29,
            "column": 2
          },
          "end": {
            "line": 29,
            "column": 3
          }
        },
        "loc": {
          "start": {
            "line": 29,
            "column": 92
          },
          "end": {
            "line": 35,
            "column": 3
          }
        },
        "line": 29
      },
      "3": {
        "name": "(anonymous_3)",
        "decl": {
          "start": {
            "line": 37,
            "column": 2
          },
          "end": {
            "line": 37,
            "column": 3
          }
        },
        "loc": {
          "start": {
            "line": 37,
            "column": 50
          },
          "end": {
            "line": 39,
            "column": 3
          }
        },
        "line": 37
      },
      "4": {
        "name": "(anonymous_4)",
        "decl": {
          "start": {
            "line": 41,
            "column": 2
          },
          "end": {
            "line": 41,
            "column": 3
          }
        },
        "loc": {
          "start": {
            "line": 41,
            "column": 69
          },
          "end": {
            "line": 47,
            "column": 3
          }
        },
        "line": 41
      }
    },
    "branchMap": {},
    "s": {
      "0": 2639,
      "1": 0,
      "2": 0,
      "3": 0,
      "4": 0,
      "5": 0,
      "6": 0,
      "7": 0,
      "8": 0,
      "9": 0
    },
    "f": {
      "0": 0,
      "1": 0,
      "2": 0,
      "3": 0,
      "4": 0
    },
    "b": {},
    "_coverageSchema": "1a1c01bbd47fc00a2c39e90264f33305004495a9",
    "hash": "f675337247ce53e4b7b76f1fd62d29202319137a"
  },
  "/home/user/Documents/Projet/Epitech/T-ESP-901-81605-PAR_Gospalaga/admin-panel/application/src/services/dashboard.ts": {
    "path": "/home/user/Documents/Projet/Epitech/T-ESP-901-81605-PAR_Gospalaga/admin-panel/application/src/services/dashboard.ts",
    "statementMap": {
      "0": {
        "start": {
          "line": 12,
          "column": 32
        },
        "end": {
          "line": 52,
          "column": 1
        }
      },
      "1": {
        "start": {
          "line": 14,
          "column": 21
        },
        "end": {
          "line": 16,
          "column": 5
        }
      },
      "2": {
        "start": {
          "line": 17,
          "column": 4
        },
        "end": {
          "line": 17,
          "column": 29
        }
      },
      "3": {
        "start": {
          "line": 21,
          "column": 21
        },
        "end": {
          "line": 24,
          "column": 5
        }
      },
      "4": {
        "start": {
          "line": 25,
          "column": 4
        },
        "end": {
          "line": 25,
          "column": 29
        }
      },
      "5": {
        "start": {
          "line": 31,
          "column": 21
        },
        "end": {
          "line": 34,
          "column": 5
        }
      },
      "6": {
        "start": {
          "line": 35,
          "column": 4
        },
        "end": {
          "line": 35,
          "column": 29
        }
      },
      "7": {
        "start": {
          "line": 39,
          "column": 21
        },
        "end": {
          "line": 42,
          "column": 5
        }
      },
      "8": {
        "start": {
          "line": 43,
          "column": 4
        },
        "end": {
          "line": 43,
          "column": 29
        }
      },
      "9": {
        "start": {
          "line": 47,
          "column": 21
        },
        "end": {
          "line": 49,
          "column": 5
        }
      },
      "10": {
        "start": {
          "line": 50,
          "column": 4
        },
        "end": {
          "line": 50,
          "column": 29
        }
      }
    },
    "fnMap": {
      "0": {
        "name": "(anonymous_0)",
        "decl": {
          "start": {
            "line": 13,
            "column": 2
          },
          "end": {
            "line": 13,
            "column": 3
          }
        },
        "loc": {
          "start": {
            "line": 13,
            "column": 48
          },
          "end": {
            "line": 18,
            "column": 3
          }
        },
        "line": 13
      },
      "1": {
        "name": "(anonymous_1)",
        "decl": {
          "start": {
            "line": 20,
            "column": 2
          },
          "end": {
            "line": 20,
            "column": 3
          }
        },
        "loc": {
          "start": {
            "line": 20,
            "column": 87
          },
          "end": {
            "line": 26,
            "column": 3
          }
        },
        "line": 20
      },
      "2": {
        "name": "(anonymous_2)",
        "decl": {
          "start": {
            "line": 28,
            "column": 2
          },
          "end": {
            "line": 28,
            "column": 3
          }
        },
        "loc": {
          "start": {
            "line": 30,
            "column": 26
          },
          "end": {
            "line": 36,
            "column": 3
          }
        },
        "line": 30
      },
      "3": {
        "name": "(anonymous_3)",
        "decl": {
          "start": {
            "line": 38,
            "column": 2
          },
          "end": {
            "line": 38,
            "column": 3
          }
        },
        "loc": {
          "start": {
            "line": 38,
            "column": 91
          },
          "end": {
            "line": 44,
            "column": 3
          }
        },
        "line": 38
      },
      "4": {
        "name": "(anonymous_4)",
        "decl": {
          "start": {
            "line": 46,
            "column": 2
          },
          "end": {
            "line": 46,
            "column": 3
          }
        },
        "loc": {
          "start": {
            "line": 46,
            "column": 50
          },
          "end": {
            "line": 51,
            "column": 3
          }
        },
        "line": 46
      }
    },
    "branchMap": {
      "0": {
        "loc": {
          "start": {
            "line": 29,
            "column": 4
          },
          "end": {
            "line": 29,
            "column": 47
          }
        },
        "type": "default-arg",
        "locations": [
          {
            "start": {
              "line": 29,
              "column": 40
            },
            "end": {
              "line": 29,
              "column": 47
            }
          }
        ],
        "line": 29
      },
      "1": {
        "loc": {
          "start": {
            "line": 38,
            "column": 24
          },
          "end": {
            "line": 38,
            "column": 67
          }
        },
        "type": "default-arg",
        "locations": [
          {
            "start": {
              "line": 38,
              "column": 60
            },
            "end": {
              "line": 38,
              "column": 67
            }
          }
        ],
        "line": 38
      }
    },
    "s": {
      "0": 2639,
      "1": 0,
      "2": 0,
      "3": 0,
      "4": 0,
      "5": 0,
      "6": 0,
      "7": 0,
      "8": 0,
      "9": 0,
      "10": 0
    },
    "f": {
      "0": 0,
      "1": 0,
      "2": 0,
      "3": 0,
      "4": 0
    },
    "b": {
      "0": [
        0
      ],
      "1": [
        0
      ]
    },
    "_coverageSchema": "1a1c01bbd47fc00a2c39e90264f33305004495a9",
    "hash": "c3e90424fb972f50ede4bcee2020b71c9904810e"
  },
  "/home/user/Documents/Projet/Epitech/T-ESP-901-81605-PAR_Gospalaga/admin-panel/application/src/services/trips.ts": {
    "path": "/home/user/Documents/Projet/Epitech/T-ESP-901-81605-PAR_Gospalaga/admin-panel/application/src/services/trips.ts",
    "statementMap": {
      "0": {
        "start": {
          "line": 5,
          "column": 28
        },
        "end": {
          "line": 20,
          "column": 1
        }
      },
      "1": {
        "start": {
          "line": 7,
          "column": 21
        },
        "end": {
          "line": 7,
          "column": 79
        }
      },
      "2": {
        "start": {
          "line": 8,
          "column": 4
        },
        "end": {
          "line": 8,
          "column": 24
        }
      },
      "3": {
        "start": {
          "line": 12,
          "column": 21
        },
        "end": {
          "line": 12,
          "column": 84
        }
      },
      "4": {
        "start": {
          "line": 13,
          "column": 4
        },
        "end": {
          "line": 13,
          "column": 24
        }
      },
      "5": {
        "start": {
          "line": 17,
          "column": 21
        },
        "end": {
          "line": 17,
          "column": 95
        }
      },
      "6": {
        "start": {
          "line": 18,
          "column": 4
        },
        "end": {
          "line": 18,
          "column": 24
        }
      }
    },
    "fnMap": {
      "0": {
        "name": "(anonymous_0)",
        "decl": {
          "start": {
            "line": 6,
            "column": 2
          },
          "end": {
            "line": 6,
            "column": 3
          }
        },
        "loc": {
          "start": {
            "line": 6,
            "column": 59
          },
          "end": {
            "line": 9,
            "column": 3
          }
        },
        "line": 6
      },
      "1": {
        "name": "(anonymous_1)",
        "decl": {
          "start": {
            "line": 11,
            "column": 2
          },
          "end": {
            "line": 11,
            "column": 3
          }
        },
        "loc": {
          "start": {
            "line": 11,
            "column": 47
          },
          "end": {
            "line": 14,
            "column": 3
          }
        },
        "line": 11
      },
      "2": {
        "name": "(anonymous_2)",
        "decl": {
          "start": {
            "line": 16,
            "column": 2
          },
          "end": {
            "line": 16,
            "column": 3
          }
        },
        "loc": {
          "start": {
            "line": 16,
            "column": 61
          },
          "end": {
            "line": 19,
            "column": 3
          }
        },
        "line": 16
      }
    },
    "branchMap": {},
    "s": {
      "0": 2639,
      "1": 456,
      "2": 444,
      "3": 0,
      "4": 0,
      "5": 0,
      "6": 0
    },
    "f": {
      "0": 456,
      "1": 0,
      "2": 0
    },
    "b": {},
    "_coverageSchema": "1a1c01bbd47fc00a2c39e90264f33305004495a9",
    "hash": "9ed6e2ab0e91a8c78975351bd97fad68181f74a9"
  },
  "/home/user/Documents/Projet/Epitech/T-ESP-901-81605-PAR_Gospalaga/admin-panel/application/src/services/travelers.ts": {
    "path": "/home/user/Documents/Projet/Epitech/T-ESP-901-81605-PAR_Gospalaga/admin-panel/application/src/services/travelers.ts",
    "statementMap": {
      "0": {
        "start": {
          "line": 5,
          "column": 32
        },
        "end": {
          "line": 17,
          "column": 1
        }
      },
      "1": {
        "start": {
          "line": 7,
          "column": 21
        },
        "end": {
          "line": 7,
          "column": 96
        }
      },
      "2": {
        "start": {
          "line": 8,
          "column": 4
        },
        "end": {
          "line": 8,
          "column": 24
        }
      },
      "3": {
        "start": {
          "line": 12,
          "column": 21
        },
        "end": {
          "line": 14,
          "column": 5
        }
      },
      "4": {
        "start": {
          "line": 15,
          "column": 4
        },
        "end": {
          "line": 15,
          "column": 24
        }
      }
    },
    "fnMap": {
      "0": {
        "name": "(anonymous_0)",
        "decl": {
          "start": {
            "line": 6,
            "column": 2
          },
          "end": {
            "line": 6,
            "column": 3
          }
        },
        "loc": {
          "start": {
            "line": 6,
            "column": 87
          },
          "end": {
            "line": 9,
            "column": 3
          }
        },
        "line": 6
      },
      "1": {
        "name": "(anonymous_1)",
        "decl": {
          "start": {
            "line": 11,
            "column": 2
          },
          "end": {
            "line": 11,
            "column": 3
          }
        },
        "loc": {
          "start": {
            "line": 11,
            "column": 69
          },
          "end": {
            "line": 16,
            "column": 3
          }
        },
        "line": 11
      }
    },
    "branchMap": {},
    "s": {
      "0": 2639,
      "1": 221,
      "2": 221,
      "3": 0,
      "4": 0
    },
    "f": {
      "0": 221,
      "1": 0
    },
    "b": {},
    "_coverageSchema": "1a1c01bbd47fc00a2c39e90264f33305004495a9",
    "hash": "5a667cc88b3d2fbaba47ee231cf208c542263da4"
  },
  "/home/user/Documents/Projet/Epitech/T-ESP-901-81605-PAR_Gospalaga/admin-panel/application/src/services/flights.ts": {
    "path": "/home/user/Documents/Projet/Epitech/T-ESP-901-81605-PAR_Gospalaga/admin-panel/application/src/services/flights.ts",
    "statementMap": {
      "0": {
        "start": {
          "line": 5,
          "column": 30
        },
        "end": {
          "line": 30,
          "column": 1
        }
      },
      "1": {
        "start": {
          "line": 10,
          "column": 21
        },
        "end": {
          "line": 13,
          "column": 5
        }
      },
      "2": {
        "start": {
          "line": 14,
          "column": 4
        },
        "end": {
          "line": 14,
          "column": 24
        }
      },
      "3": {
        "start": {
          "line": 18,
          "column": 21
        },
        "end": {
          "line": 20,
          "column": 5
        }
      },
      "4": {
        "start": {
          "line": 21,
          "column": 4
        },
        "end": {
          "line": 21,
          "column": 24
        }
      },
      "5": {
        "start": {
          "line": 25,
          "column": 21
        },
        "end": {
          "line": 27,
          "column": 5
        }
      },
      "6": {
        "start": {
          "line": 28,
          "column": 4
        },
        "end": {
          "line": 28,
          "column": 24
        }
      }
    },
    "fnMap": {
      "0": {
        "name": "(anonymous_0)",
        "decl": {
          "start": {
            "line": 6,
            "column": 2
          },
          "end": {
            "line": 6,
            "column": 3
          }
        },
        "loc": {
          "start": {
            "line": 9,
            "column": 35
          },
          "end": {
            "line": 15,
            "column": 3
          }
        },
        "line": 9
      },
      "1": {
        "name": "(anonymous_1)",
        "decl": {
          "start": {
            "line": 17,
            "column": 2
          },
          "end": {
            "line": 17,
            "column": 3
          }
        },
        "loc": {
          "start": {
            "line": 17,
            "column": 84
          },
          "end": {
            "line": 22,
            "column": 3
          }
        },
        "line": 17
      },
      "2": {
        "name": "(anonymous_2)",
        "decl": {
          "start": {
            "line": 24,
            "column": 2
          },
          "end": {
            "line": 24,
            "column": 3
          }
        },
        "loc": {
          "start": {
            "line": 24,
            "column": 86
          },
          "end": {
            "line": 29,
            "column": 3
          }
        },
        "line": 24
      }
    },
    "branchMap": {},
    "s": {
      "0": 2639,
      "1": 157,
      "2": 157,
      "3": 0,
      "4": 0,
      "5": 0,
      "6": 0
    },
    "f": {
      "0": 157,
      "1": 0,
      "2": 0
    },
    "b": {},
    "_coverageSchema": "1a1c01bbd47fc00a2c39e90264f33305004495a9",
    "hash": "1b353a94766e1ffed547c3a008d94c4081ddf8d1"
  },
  "/home/user/Documents/Projet/Epitech/T-ESP-901-81605-PAR_Gospalaga/admin-panel/application/src/services/hotels.ts": {
    "path": "/home/user/Documents/Projet/Epitech/T-ESP-901-81605-PAR_Gospalaga/admin-panel/application/src/services/hotels.ts",
    "statementMap": {
      "0": {
        "start": {
          "line": 5,
          "column": 29
        },
        "end": {
          "line": 20,
          "column": 1
        }
      },
      "1": {
        "start": {
          "line": 7,
          "column": 21
        },
        "end": {
          "line": 10,
          "column": 5
        }
      },
      "2": {
        "start": {
          "line": 11,
          "column": 4
        },
        "end": {
          "line": 11,
          "column": 24
        }
      },
      "3": {
        "start": {
          "line": 15,
          "column": 21
        },
        "end": {
          "line": 17,
          "column": 5
        }
      },
      "4": {
        "start": {
          "line": 18,
          "column": 4
        },
        "end": {
          "line": 18,
          "column": 24
        }
      }
    },
    "fnMap": {
      "0": {
        "name": "(anonymous_0)",
        "decl": {
          "start": {
            "line": 6,
            "column": 2
          },
          "end": {
            "line": 6,
            "column": 3
          }
        },
        "loc": {
          "start": {
            "line": 6,
            "column": 99
          },
          "end": {
            "line": 12,
            "column": 3
          }
        },
        "line": 6
      },
      "1": {
        "name": "(anonymous_1)",
        "decl": {
          "start": {
            "line": 14,
            "column": 2
          },
          "end": {
            "line": 14,
            "column": 3
          }
        },
        "loc": {
          "start": {
            "line": 14,
            "column": 82
          },
          "end": {
            "line": 19,
            "column": 3
          }
        },
        "line": 14
      }
    },
    "branchMap": {},
    "s": {
      "0": 2639,
      "1": 126,
      "2": 126,
      "3": 0,
      "4": 0
    },
    "f": {
      "0": 126,
      "1": 0
    },
    "b": {},
    "_coverageSchema": "1a1c01bbd47fc00a2c39e90264f33305004495a9",
    "hash": "536f74e2a186e06c52aa97cec27c2027f68522ab"
  },
  "/home/user/Documents/Projet/Epitech/T-ESP-901-81605-PAR_Gospalaga/admin-panel/application/src/services/booking-intents.ts": {
    "path": "/home/user/Documents/Projet/Epitech/T-ESP-901-81605-PAR_Gospalaga/admin-panel/application/src/services/booking-intents.ts",
    "statementMap": {
      "0": {
        "start": {
          "line": 11,
          "column": 37
        },
        "end": {
          "line": 51,
          "column": 1
        }
      },
      "1": {
        "start": {
          "line": 16,
          "column": 21
        },
        "end": {
          "line": 19,
          "column": 5
        }
      },
      "2": {
        "start": {
          "line": 20,
          "column": 4
        },
        "end": {
          "line": 20,
          "column": 24
        }
      },
      "3": {
        "start": {
          "line": 24,
          "column": 21
        },
        "end": {
          "line": 26,
          "column": 5
        }
      },
      "4": {
        "start": {
          "line": 27,
          "column": 4
        },
        "end": {
          "line": 27,
          "column": 24
        }
      },
      "5": {
        "start": {
          "line": 34,
          "column": 21
        },
        "end": {
          "line": 37,
          "column": 5
        }
      },
      "6": {
        "start": {
          "line": 38,
          "column": 4
        },
        "end": {
          "line": 38,
          "column": 24
        }
      },
      "7": {
        "start": {
          "line": 45,
          "column": 21
        },
        "end": {
          "line": 48,
          "column": 5
        }
      },
      "8": {
        "start": {
          "line": 49,
          "column": 4
        },
        "end": {
          "line": 49,
          "column": 24
        }
      }
    },
    "fnMap": {
      "0": {
        "name": "(anonymous_0)",
        "decl": {
          "start": {
            "line": 12,
            "column": 2
          },
          "end": {
            "line": 12,
            "column": 3
          }
        },
        "loc": {
          "start": {
            "line": 15,
            "column": 28
          },
          "end": {
            "line": 21,
            "column": 3
          }
        },
        "line": 15
      },
      "1": {
        "name": "(anonymous_1)",
        "decl": {
          "start": {
            "line": 23,
            "column": 2
          },
          "end": {
            "line": 23,
            "column": 3
          }
        },
        "loc": {
          "start": {
            "line": 23,
            "column": 67
          },
          "end": {
            "line": 28,
            "column": 3
          }
        },
        "line": 23
      },
      "2": {
        "name": "(anonymous_2)",
        "decl": {
          "start": {
            "line": 30,
            "column": 2
          },
          "end": {
            "line": 30,
            "column": 3
          }
        },
        "loc": {
          "start": {
            "line": 33,
            "column": 40
          },
          "end": {
            "line": 39,
            "column": 3
          }
        },
        "line": 33
      },
      "3": {
        "name": "(anonymous_3)",
        "decl": {
          "start": {
            "line": 41,
            "column": 2
          },
          "end": {
            "line": 41,
            "column": 3
          }
        },
        "loc": {
          "start": {
            "line": 44,
            "column": 40
          },
          "end": {
            "line": 50,
            "column": 3
          }
        },
        "line": 44
      }
    },
    "branchMap": {},
    "s": {
      "0": 2639,
      "1": 132,
      "2": 132,
      "3": 6,
      "4": 6,
      "5": 0,
      "6": 0,
      "7": 0,
      "8": 0
    },
    "f": {
      "0": 132,
      "1": 6,
      "2": 0,
      "3": 0
    },
    "b": {},
    "_coverageSchema": "1a1c01bbd47fc00a2c39e90264f33305004495a9",
    "hash": "091cb3d80490469670f9e6f2fe2a20e132192182"
  },
  "/home/user/Documents/Projet/Epitech/T-ESP-901-81605-PAR_Gospalaga/admin-panel/application/src/services/payments.ts": {
    "path": "/home/user/Documents/Projet/Epitech/T-ESP-901-81605-PAR_Gospalaga/admin-panel/application/src/services/payments.ts",
    "statementMap": {
      "0": {
        "start": {
          "line": 9,
          "column": 31
        },
        "end": {
          "line": 41,
          "column": 1
        }
      },
      "1": {
        "start": {
          "line": 14,
          "column": 21
        },
        "end": {
          "line": 17,
          "column": 5
        }
      },
      "2": {
        "start": {
          "line": 18,
          "column": 4
        },
        "end": {
          "line": 18,
          "column": 24
        }
      },
      "3": {
        "start": {
          "line": 22,
          "column": 21
        },
        "end": {
          "line": 24,
          "column": 5
        }
      },
      "4": {
        "start": {
          "line": 25,
          "column": 4
        },
        "end": {
          "line": 25,
          "column": 24
        }
      },
      "5": {
        "start": {
          "line": 29,
          "column": 21
        },
        "end": {
          "line": 31,
          "column": 5
        }
      },
      "6": {
        "start": {
          "line": 32,
          "column": 4
        },
        "end": {
          "line": 32,
          "column": 24
        }
      },
      "7": {
        "start": {
          "line": 36,
          "column": 21
        },
        "end": {
          "line": 38,
          "column": 5
        }
      },
      "8": {
        "start": {
          "line": 39,
          "column": 4
        },
        "end": {
          "line": 39,
          "column": 24
        }
      }
    },
    "fnMap": {
      "0": {
        "name": "(anonymous_0)",
        "decl": {
          "start": {
            "line": 10,
            "column": 2
          },
          "end": {
            "line": 10,
            "column": 3
          }
        },
        "loc": {
          "start": {
            "line": 13,
            "column": 39
          },
          "end": {
            "line": 19,
            "column": 3
          }
        },
        "line": 13
      },
      "1": {
        "name": "(anonymous_1)",
        "decl": {
          "start": {
            "line": 21,
            "column": 2
          },
          "end": {
            "line": 21,
            "column": 3
          }
        },
        "loc": {
          "start": {
            "line": 21,
            "column": 74
          },
          "end": {
            "line": 26,
            "column": 3
          }
        },
        "line": 21
      },
      "2": {
        "name": "(anonymous_2)",
        "decl": {
          "start": {
            "line": 28,
            "column": 2
          },
          "end": {
            "line": 28,
            "column": 3
          }
        },
        "loc": {
          "start": {
            "line": 28,
            "column": 93
          },
          "end": {
            "line": 33,
            "column": 3
          }
        },
        "line": 28
      },
      "3": {
        "name": "(anonymous_3)",
        "decl": {
          "start": {
            "line": 35,
            "column": 2
          },
          "end": {
            "line": 35,
            "column": 3
          }
        },
        "loc": {
          "start": {
            "line": 35,
            "column": 80
          },
          "end": {
            "line": 40,
            "column": 3
          }
        },
        "line": 35
      }
    },
    "branchMap": {},
    "s": {
      "0": 2639,
      "1": 29,
      "2": 29,
      "3": 0,
      "4": 0,
      "5": 0,
      "6": 0,
      "7": 6,
      "8": 6
    },
    "f": {
      "0": 29,
      "1": 0,
      "2": 0,
      "3": 6
    },
    "b": {},
    "_coverageSchema": "1a1c01bbd47fc00a2c39e90264f33305004495a9",
    "hash": "6f7442dcc87c08c8f3d503ca67eb5394ed23ead3"
  },
  "/home/user/Documents/Projet/Epitech/T-ESP-901-81605-PAR_Gospalaga/admin-panel/application/src/services/admin.ts": {
    "path": "/home/user/Documents/Projet/Epitech/T-ESP-901-81605-PAR_Gospalaga/admin-panel/application/src/services/admin.ts",
    "statementMap": {
      "0": {
        "start": {
          "line": 12,
          "column": 28
        },
        "end": {
          "line": 43,
          "column": 1
        }
      },
      "1": {
        "start": {
          "line": 14,
          "column": 21
        },
        "end": {
          "line": 16,
          "column": 6
        }
      },
      "2": {
        "start": {
          "line": 17,
          "column": 4
        },
        "end": {
          "line": 17,
          "column": 24
        }
      },
      "3": {
        "start": {
          "line": 21,
          "column": 21
        },
        "end": {
          "line": 24,
          "column": 5
        }
      },
      "4": {
        "start": {
          "line": 25,
          "column": 4
        },
        "end": {
          "line": 25,
          "column": 24
        }
      },
      "5": {
        "start": {
          "line": 29,
          "column": 21
        },
        "end": {
          "line": 32,
          "column": 5
        }
      },
      "6": {
        "start": {
          "line": 33,
          "column": 4
        },
        "end": {
          "line": 33,
          "column": 24
        }
      },
      "7": {
        "start": {
          "line": 37,
          "column": 21
        },
        "end": {
          "line": 40,
          "column": 5
        }
      },
      "8": {
        "start": {
          "line": 41,
          "column": 4
        },
        "end": {
          "line": 41,
          "column": 24
        }
      }
    },
    "fnMap": {
      "0": {
        "name": "(anonymous_0)",
        "decl": {
          "start": {
            "line": 13,
            "column": 2
          },
          "end": {
            "line": 13,
            "column": 3
          }
        },
        "loc": {
          "start": {
            "line": 13,
            "column": 81
          },
          "end": {
            "line": 18,
            "column": 3
          }
        },
        "line": 13
      },
      "1": {
        "name": "(anonymous_1)",
        "decl": {
          "start": {
            "line": 20,
            "column": 2
          },
          "end": {
            "line": 20,
            "column": 3
          }
        },
        "loc": {
          "start": {
            "line": 20,
            "column": 89
          },
          "end": {
            "line": 26,
            "column": 3
          }
        },
        "line": 20
      },
      "2": {
        "name": "(anonymous_2)",
        "decl": {
          "start": {
            "line": 28,
            "column": 2
          },
          "end": {
            "line": 28,
            "column": 3
          }
        },
        "loc": {
          "start": {
            "line": 28,
            "column": 97
          },
          "end": {
            "line": 34,
            "column": 3
          }
        },
        "line": 28
      },
      "3": {
        "name": "(anonymous_3)",
        "decl": {
          "start": {
            "line": 36,
            "column": 2
          },
          "end": {
            "line": 36,
            "column": 3
          }
        },
        "loc": {
          "start": {
            "line": 36,
            "column": 99
          },
          "end": {
            "line": 42,
            "column": 3
          }
        },
        "line": 36
      }
    },
    "branchMap": {},
    "s": {
      "0": 2639,
      "1": 1483,
      "2": 1464,
      "3": 1483,
      "4": 1463,
      "5": 1483,
      "6": 1463,
      "7": 1483,
      "8": 1462
    },
    "f": {
      "0": 1483,
      "1": 1483,
      "2": 1483,
      "3": 1483
    },
    "b": {},
    "_coverageSchema": "1a1c01bbd47fc00a2c39e90264f33305004495a9",
    "hash": "0d74f3e8952199a0f8c170b0c5bee38ef321365f"
  },
  "/home/user/Documents/Projet/Epitech/T-ESP-901-81605-PAR_Gospalaga/admin-panel/application/src/services/index.ts": {
    "path": "/home/user/Documents/Projet/Epitech/T-ESP-901-81605-PAR_Gospalaga/admin-panel/application/src/services/index.ts",
    "statementMap": {},
    "fnMap": {},
    "branchMap": {},
    "s": {},
    "f": {},
    "b": {},
    "_coverageSchema": "1a1c01bbd47fc00a2c39e90264f33305004495a9",
    "hash": "8fa1a2a3e11b43d33a46cc2e09b57d27b8307bb1"
  },
  "/home/user/Documents/Projet/Epitech/T-ESP-901-81605-PAR_Gospalaga/admin-panel/application/src/hooks/useAuth.ts": {
    "path": "/home/user/Documents/Projet/Epitech/T-ESP-901-81605-PAR_Gospalaga/admin-panel/application/src/hooks/useAuth.ts",
    "statementMap": {
      "0": {
        "start": {
          "line": 7,
          "column": 19
        },
        "end": {
          "line": 9,
          "column": 1
        }
      },
      "1": {
        "start": {
          "line": 11,
          "column": 23
        },
        "end": {
          "line": 83,
          "column": 1
        }
      },
      "2": {
        "start": {
          "line": 12,
          "column": 22
        },
        "end": {
          "line": 12,
          "column": 38
        }
      },
      "3": {
        "start": {
          "line": 13,
          "column": 17
        },
        "end": {
          "line": 13,
          "column": 28
        }
      },
      "4": {
        "start": {
          "line": 19,
          "column": 6
        },
        "end": {
          "line": 24,
          "column": 4
        }
      },
      "5": {
        "start": {
          "line": 26,
          "column": 24
        },
        "end": {
          "line": 39,
          "column": 4
        }
      },
      "6": {
        "start": {
          "line": 29,
          "column": 6
        },
        "end": {
          "line": 34,
          "column": 8
        }
      },
      "7": {
        "start": {
          "line": 36,
          "column": 6
        },
        "end": {
          "line": 36,
          "column": 65
        }
      },
      "8": {
        "start": {
          "line": 37,
          "column": 6
        },
        "end": {
          "line": 37,
          "column": 31
        }
      },
      "9": {
        "start": {
          "line": 41,
          "column": 27
        },
        "end": {
          "line": 54,
          "column": 4
        }
      },
      "10": {
        "start": {
          "line": 44,
          "column": 6
        },
        "end": {
          "line": 49,
          "column": 8
        }
      },
      "11": {
[...]
            }
          },
          {
            "start": {
              "line": 725,
              "column": 58
            },
            "end": {
              "line": 725,
              "column": 96
            }
          }
        ],
        "line": 725
      },
      "88": {
        "loc": {
          "start": {
            "line": 728,
            "column": 27
          },
          "end": {
            "line": 730,
            "column": 65
          }
        },
        "type": "cond-expr",
        "locations": [
          {
            "start": {
              "line": 729,
              "column": 30
            },
            "end": {
              "line": 729,
              "column": 47
            }
          },
          {
            "start": {
              "line": 730,
              "column": 30
            },
            "end": {
              "line": 730,
              "column": 65
            }
          }
        ],
        "line": 728
      },
      "89": {
        "loc": {
          "start": {
            "line": 728,
            "column": 27
          },
          "end": {
            "line": 728,
            "column": 45
          }
        },
        "type": "binary-expr",
        "locations": [
          {
            "start": {
              "line": 728,
              "column": 27
            },
            "end": {
              "line": 728,
              "column": 34
            }
          },
          {
            "start": {
              "line": 728,
              "column": 38
            },
            "end": {
              "line": 728,
              "column": 45
            }
          }
        ],
        "line": 728
      },
      "90": {
        "loc": {
          "start": {
            "line": 737,
            "column": 32
          },
          "end": {
            "line": 737,
            "column": 74
          }
        },
        "type": "binary-expr",
        "locations": [
          {
            "start": {
              "line": 737,
              "column": 32
            },
            "end": {
              "line": 737,
              "column": 39
            }
          },
          {
            "start": {
              "line": 737,
              "column": 43
            },
            "end": {
              "line": 737,
              "column": 74
            }
          }
        ],
        "line": 737
      },
      "91": {
        "loc": {
          "start": {
            "line": 740,
            "column": 23
          },
          "end": {
            "line": 740,
            "column": 76
          }
        },
        "type": "cond-expr",
        "locations": [
          {
            "start": {
              "line": 740,
              "column": 33
            },
            "end": {
              "line": 740,
              "column": 50
            }
          },
          {
            "start": {
              "line": 740,
              "column": 53
            },
            "end": {
              "line": 740,
              "column": 76
            }
          }
        ],
        "line": 740
      },
      "92": {
        "loc": {
          "start": {
            "line": 754,
            "column": 32
          },
          "end": {
            "line": 754,
            "column": 80
          }
        },
        "type": "binary-expr",
        "locations": [
          {
            "start": {
              "line": 754,
              "column": 32
            },
            "end": {
              "line": 754,
              "column": 39
            }
          },
          {
            "start": {
              "line": 754,
              "column": 43
            },
            "end": {
              "line": 754,
              "column": 80
            }
          }
        ],
        "line": 754
      },
      "93": {
        "loc": {
          "start": {
            "line": 757,
            "column": 23
          },
          "end": {
            "line": 757,
            "column": 86
          }
        },
        "type": "cond-expr",
        "locations": [
          {
            "start": {
              "line": 757,
              "column": 33
            },
            "end": {
              "line": 757,
              "column": 49
            }
          },
          {
            "start": {
              "line": 757,
              "column": 52
            },
            "end": {
              "line": 757,
              "column": 86
            }
          }
        ],
        "line": 757
      },
      "94": {
        "loc": {
          "start": {
            "line": 769,
            "column": 30
          },
          "end": {
            "line": 769,
            "column": 97
          }
        },
        "type": "binary-expr",
        "locations": [
          {
            "start": {
              "line": 769,
              "column": 30
            },
            "end": {
              "line": 769,
              "column": 37
            }
          },
          {
            "start": {
              "line": 769,
              "column": 41
            },
            "end": {
              "line": 769,
              "column": 97
            }
          }
        ],
        "line": 769
      },
      "95": {
        "loc": {
          "start": {
            "line": 772,
            "column": 21
          },
          "end": {
            "line": 772,
            "column": 68
          }
        },
        "type": "cond-expr",
        "locations": [
          {
            "start": {
              "line": 772,
              "column": 31
            },
            "end": {
              "line": 772,
              "column": 43
            }
          },
          {
            "start": {
              "line": 772,
              "column": 46
            },
            "end": {
              "line": 772,
              "column": 68
            }
          }
        ],
        "line": 772
      },
      "96": {
        "loc": {
          "start": {
            "line": 780,
            "column": 9
          },
          "end": {
            "line": 787,
            "column": 9
          }
        },
        "type": "binary-expr",
        "locations": [
          {
            "start": {
              "line": 780,
              "column": 9
            },
            "end": {
              "line": 780,
              "column": 16
            }
          },
          {
            "start": {
              "line": 781,
              "column": 10
            },
            "end": {
              "line": 786,
              "column": 16
            }
          }
        ],
        "line": 780
      }
    },
    "s": {
      "0": 10150,
      "1": 10150,
      "2": 10150,
      "3": 10150,
      "4": 10150,
      "5": 10150,
      "6": 10150,
      "7": 10150,
      "8": 10150,
      "9": 10150,
      "10": 10150,
      "11": 10150,
      "12": 10150,
      "13": 10150,
      "14": 10150,
      "15": 10150,
      "16": 10150,
      "17": 10150,
      "18": 10150,
      "19": 10150,
      "20": 578,
      "21": 578,
      "22": 578,
      "23": 0,
      "24": 578,
      "25": 10150,
      "26": 578,
      "27": 0,
      "28": 0,
      "29": 10150,
      "30": 0,
      "31": 0,
      "32": 0,
      "33": 0,
      "34": 0,
      "35": 0,
      "36": 0,
      "37": 0,
      "38": 0,
      "39": 0,
      "40": 0,
      "41": 0,
      "42": 0,
      "43": 0,
      "44": 0,
      "45": 0,
      "46": 0,
      "47": 0,
      "48": 0,
      "49": 0,
      "50": 0,
      "51": 0,
      "52": 0,
      "53": 0,
      "54": 0,
      "55": 0,
      "56": 0,
      "57": 0,
      "58": 0,
      "59": 10150,
      "60": 6,
      "61": 0,
      "62": 0,
      "63": 6,
      "64": 6,
      "65": 6,
      "66": 6,
      "67": 6,
      "68": 6,
      "69": 6,
      "70": 6,
      "71": 6,
      "72": 0,
      "73": 0,
      "74": 0,
      "75": 0,
      "76": 10150,
      "77": 1127,
      "78": 1127,
      "79": 1127,
      "80": 1127,
      "81": 1127,
      "82": 1115,
      "83": 1115,
      "84": 1115,
      "85": 1115,
      "86": 0,
      "87": 0,
      "88": 0,
      "89": 1115,
      "90": 10150,
      "91": 456,
      "92": 456,
      "93": 456,
      "94": 444,
      "95": 10150,
      "96": 221,
      "97": 0,
      "98": 0,
      "99": 221,
      "100": 221,
      "101": 221,
      "102": 221,
      "103": 10150,
      "104": 157,
      "105": 0,
      "106": 0,
      "107": 157,
      "108": 157,
      "109": 157,
      "110": 157,
      "111": 10150,
      "112": 126,
      "113": 0,
      "114": 0,
      "115": 126,
      "116": 126,
      "117": 126,
      "118": 126,
      "119": 10150,
      "120": 132,
      "121": 0,
      "122": 0,
      "123": 132,
      "124": 132,
      "125": 132,
      "126": 132,
      "127": 10150,
      "128": 29,
      "129": 0,
      "130": 0,
      "131": 29,
      "132": 29,
      "133": 29,
      "134": 10150,
      "135": 0,
      "136": 0,
      "137": 0,
      "138": 0,
      "139": 0,
      "140": 0,
      "141": 0,
      "142": 0,
      "143": 0,
      "144": 10150,
      "145": 0,
      "146": 0,
      "147": 0,
      "148": 0,
      "149": 0,
      "150": 0,
      "151": 0,
      "152": 0,
      "153": 0,
      "154": 0,
      "155": 0,
      "156": 0,
      "157": 10150,
      "158": 0,
      "159": 0,
      "160": 0,
      "161": 0,
      "162": 0,
      "163": 0,
      "164": 0,
      "165": 0,
      "166": 10150,
      "167": 44796,
      "168": 1132,
      "169": 10150,
      "170": 1174,
      "171": 8976,
      "172": 24,
      "173": 2384,
      "174": 98,
      "175": 74,
      "176": 0,
      "177": 1780,
      "178": 80,
      "179": 58
    },
    "f": {
      "0": 10150,
      "1": 578,
      "2": 578,
      "3": 578,
      "4": 0,
      "5": 0,
      "6": 0,
      "7": 6,
      "8": 6,
      "9": 1127,
      "10": 456,
      "11": 456,
      "12": 221,
      "13": 221,
      "14": 157,
      "15": 157,
      "16": 126,
      "17": 126,
      "18": 132,
      "19": 132,
      "20": 29,
      "21": 29,
      "22": 0,
      "23": 0,
      "24": 0,
      "25": 0,
      "26": 0,
      "27": 0,
      "28": 0,
      "29": 44796,
      "30": 1132,
      "31": 24,
      "32": 2384,
      "33": 98,
      "34": 74,
      "35": 0,
      "36": 1780,
      "37": 80,
      "38": 58
    },
    "b": {
      "0": [
        0,
        578
      ],
      "1": [
        0,
        0
      ],
      "2": [
        0
      ],
      "3": [
        0,
        0
      ],
      "4": [
        0,
        0
      ],
      "5": [
        0,
        0
      ],
      "6": [
        0,
        0
      ],
      "7": [
        0,
        0
      ],
      "8": [
        0,
        0
      ],
      "9": [
        0,
        6
      ],
      "10": [
        0,
        6
      ],
      "11": [
        0,
        0
      ],
      "12": [
        1115,
        0
      ],
      "13": [
        0,
        0
      ],
      "14": [
        0,
        221
      ],
      "15": [
        221,
        0
      ],
      "16": [
        0,
        157
      ],
      "17": [
        0,
        126
      ],
      "18": [
        0,
        132
      ],
      "19": [
        74,
        58
      ],
      "20": [
        132,
        74
      ],
      "21": [
        58,
        74
      ],
      "22": [
        132,
        58
      ],
      "23": [
        0,
        29
      ],
      "24": [
        0,
        0
      ],
      "25": [
        0,
        0
      ],
      "26": [
        0,
        0
      ],
      "27": [
        0,
        0
      ],
      "28": [
        0,
        0
      ],
      "29": [
        0,
        0
      ],
      "30": [
        0,
        0,
        0
      ],
      "31": [
        0,
        0
      ],
      "32": [
        0,
        0
      ],
      "33": [
        0,
        0
      ],
      "34": [
        0,
        0
      ],
      "35": [
        0,
        0
      ],
      "36": [
        0,
        0
      ],
      "37": [
        8,
        1124
      ],
      "38": [
        8300,
        36496
      ],
      "39": [
        44796,
        8300
      ],
      "40": [
        1174,
        8976
      ],
      "41": [
        8976,
        0
      ],
      "42": [
        8976,
        4460
      ],
      "43": [
        5826,
        3150
      ],
      "44": [
        948,
        2202
      ],
      "45": [
        2344,
        6632
      ],
      "46": [
        6632,
        4826
      ],
      "47": [
        1806,
        4826
      ],
      "48": [
        8976,
        1216
      ],
      "49": [
        1192,
        24
      ],
      "50": [
        1216,
        7760
      ],
      "51": [
        1216,
        850
      ],
      "52": [
        1216,
        1192
      ],
      "53": [
        2384,
        850
      ],
      "54": [
        7760,
        5640
      ],
      "55": [
        2120,
        5640
      ],
      "56": [
        8976,
        6662
      ],
      "57": [
        2314,
        6662
      ],
      "58": [
        8976,
        828,
        490
      ],
      "59": [
        128,
        362
      ],
      "60": [
        128,
        0
      ],
      "61": [
        128,
        0
      ],
      "62": [
        28,
        100
      ],
      "63": [
        100,
        88,
        88
      ],
      "64": [
        12,
        88
      ],
      "65": [
        100,
        88
      ],
      "66": [
        362,
        330
      ],
      "67": [
        32,
        330
      ],
      "68": [
        490,
        446
      ],
      "69": [
        44,
        446
      ],
      "70": [
        490,
        446
      ],
      "71": [
        44,
        446
      ],
      "72": [
        8976,
        890
      ],
      "73": [
        890,
        0
      ],
      "74": [
        890,
        8086
      ],
      "75": [
        890,
        622
      ],
      "76": [
        890,
        890
      ],
      "77": [
        1780,
        622
      ],
      "78": [
        8086,
        5916
      ],
      "79": [
        2170,
        5916
      ],
      "80": [
        8976,
        6662
      ],
      "81": [
        2314,
        6662
      ],
      "82": [
        8976,
        828,
        338
      ],
      "83": [
        60,
        278
      ],
      "84": [
        60,
        0
      ],
      "85": [
        60,
        0
      ],
      "86": [
        0,
        60
      ],
      "87": [
        60,
        60,
        60
      ],
      "88": [
        0,
        60
      ],
      "89": [
        60,
        60
      ],
      "90": [
        278,
        252
      ],
      "91": [
        26,
        252
      ],
      "92": [
        338,
        312
      ],
      "93": [
        26,
        312
      ],
      "94": [
        338,
        312
      ],
      "95": [
        26,
        312
      ],
      "96": [
        8976,
        2314
      ]
    },
    "_coverageSchema": "1a1c01bbd47fc00a2c39e90264f33305004495a9",
    "hash": "1c24e77e83834f9615c0f41a95673293cf5e28e4"
  },
  "/home/user/Documents/Projet/Epitech/T-ESP-901-81605-PAR_Gospalaga/admin-panel/application/src/middleware.ts": {
    "path": "/home/user/Documents/Projet/Epitech/T-ESP-901-81605-PAR_Gospalaga/admin-panel/application/src/middleware.ts",
    "statementMap": {},
    "fnMap": {},
    "branchMap": {},
    "s": {},
    "f": {},
    "b": {}
  },
  "/home/user/Documents/Projet/Epitech/T-ESP-901-81605-PAR_Gospalaga/admin-panel/application/src/app/layout.tsx": {
    "path": "/home/user/Documents/Projet/Epitech/T-ESP-901-81605-PAR_Gospalaga/admin-panel/application/src/app/layout.tsx",
    "statementMap": {},
    "fnMap": {},
    "branchMap": {},
    "s": {},
    "f": {},
    "b": {}
  },
  "/home/user/Documents/Projet/Epitech/T-ESP-901-81605-PAR_Gospalaga/admin-panel/application/src/services/auth.mock.ts": {
    "path": "/home/user/Documents/Projet/Epitech/T-ESP-901-81605-PAR_Gospalaga/admin-panel/application/src/services/auth.mock.ts",
    "statementMap": {},
    "fnMap": {},
    "branchMap": {},
    "s": {},
    "f": {},
    "b": {}
  },
  "/home/user/Documents/Projet/Epitech/T-ESP-901-81605-PAR_Gospalaga/admin-panel/application/src/types/admin.ts": {
    "path": "/home/user/Documents/Projet/Epitech/T-ESP-901-81605-PAR_Gospalaga/admin-panel/application/src/types/admin.ts",
    "statementMap": {},
    "fnMap": {},
    "branchMap": {},
    "s": {},
    "f": {},
    "b": {}
  },
  "/home/user/Documents/Projet/Epitech/T-ESP-901-81605-PAR_Gospalaga/admin-panel/application/src/types/api.ts": {
    "path": "/home/user/Documents/Projet/Epitech/T-ESP-901-81605-PAR_Gospalaga/admin-panel/application/src/types/api.ts",
    "statementMap": {},
    "fnMap": {},
    "branchMap": {},
    "s": {},
    "f": {},
    "b": {}
  },
  "/home/user/Documents/Projet/Epitech/T-ESP-901-81605-PAR_Gospalaga/admin-panel/application/src/types/auth.ts": {
    "path": "/home/user/Documents/Projet/Epitech/T-ESP-901-81605-PAR_Gospalaga/admin-panel/application/src/types/auth.ts",
    "statementMap": {},
    "fnMap": {},
    "branchMap": {},
    "s": {},
    "f": {},
    "b": {}
  },
  "/home/user/Documents/Projet/Epitech/T-ESP-901-81605-PAR_Gospalaga/admin-panel/application/src/types/booking.ts": {
    "path": "/home/user/Documents/Projet/Epitech/T-ESP-901-81605-PAR_Gospalaga/admin-panel/application/src/types/booking.ts",
    "statementMap": {},
    "fnMap": {},
    "branchMap": {},
    "s": {},
    "f": {},
    "b": {}
  },
  "/home/user/Documents/Projet/Epitech/T-ESP-901-81605-PAR_Gospalaga/admin-panel/application/src/types/dashboard.ts": {
    "path": "/home/user/Documents/Projet/Epitech/T-ESP-901-81605-PAR_Gospalaga/admin-panel/application/src/types/dashboard.ts",
    "statementMap": {},
    "fnMap": {},
    "branchMap": {},
    "s": {},
    "f": {},
    "b": {}
  },
  "/home/user/Documents/Projet/Epitech/T-ESP-901-81605-PAR_Gospalaga/admin-panel/application/src/types/feedback.ts": {
    "path": "/home/user/Documents/Projet/Epitech/T-ESP-901-81605-PAR_Gospalaga/admin-panel/application/src/types/feedback.ts",
    "statementMap": {},
    "fnMap": {},
    "branchMap": {},
    "s": {},
    "f": {},
    "b": {}
  },
  "/home/user/Documents/Projet/Epitech/T-ESP-901-81605-PAR_Gospalaga/admin-panel/application/src/types/index.ts": {
    "path": "/home/user/Documents/Projet/Epitech/T-ESP-901-81605-PAR_Gospalaga/admin-panel/application/src/types/index.ts",
    "statementMap": {},
    "fnMap": {},
    "branchMap": {},
    "s": {},
    "f": {},
    "b": {}
  },
  "/home/user/Documents/Projet/Epitech/T-ESP-901-81605-PAR_Gospalaga/admin-panel/application/src/utils/format.ts": {
    "path": "/home/user/Documents/Projet/Epitech/T-ESP-901-81605-PAR_Gospalaga/admin-panel/application/src/utils/format.ts",
    "statementMap": {},
    "fnMap": {},
    "branchMap": {},
    "s": {},
    "f": {},
    "b": {}
  },
  "/home/user/Documents/Projet/Epitech/T-ESP-901-81605-PAR_Gospalaga/admin-panel/application/src/utils/index.ts": {
    "path": "/home/user/Documents/Projet/Epitech/T-ESP-901-81605-PAR_Gospalaga/admin-panel/application/src/utils/index.ts",
    "statementMap": {},
    "fnMap": {},
    "branchMap": {},
    "s": {},
    "f": {},
    "b": {}
  },
  "/home/user/Documents/Projet/Epitech/T-ESP-901-81605-PAR_Gospalaga/admin-panel/application/src/utils/validation.ts": {
    "path": "/home/user/Documents/Projet/Epitech/T-ESP-901-81605-PAR_Gospalaga/admin-panel/application/src/utils/validation.ts",
    "statementMap": {},
    "fnMap": {},
    "branchMap": {},
    "s": {},
    "f": {},
    "b": {}
  },
  "/home/user/Documents/Projet/Epitech/T-ESP-901-81605-PAR_Gospalaga/admin-panel/application/src/app/api/__coverage__/route.ts": {
    "path": "/home/user/Documents/Projet/Epitech/T-ESP-901-81605-PAR_Gospalaga/admin-panel/application/src/app/api/__coverage__/route.ts",
    "statementMap": {},
    "fnMap": {},
    "branchMap": {},
    "s": {},
    "f": {},
    "b": {}
  }
}